

Started GET "/eventos" for 127.0.0.1 at 2014-11-21 12:13:56 -0300

ActionController::RoutingError (No route matches [GET] "/eventos"):
  actionpack (4.1.6) lib/action_dispatch/middleware/debug_exceptions.rb:21:in `call'
  actionpack (4.1.6) lib/action_dispatch/middleware/show_exceptions.rb:30:in `call'
  railties (4.1.6) lib/rails/rack/logger.rb:38:in `call_app'
  railties (4.1.6) lib/rails/rack/logger.rb:20:in `block in call'
  activesupport (4.1.6) lib/active_support/tagged_logging.rb:68:in `block in tagged'
  activesupport (4.1.6) lib/active_support/tagged_logging.rb:26:in `tagged'
  activesupport (4.1.6) lib/active_support/tagged_logging.rb:68:in `tagged'
  railties (4.1.6) lib/rails/rack/logger.rb:20:in `call'
  actionpack (4.1.6) lib/action_dispatch/middleware/request_id.rb:21:in `call'
  rack (1.5.2) lib/rack/methodoverride.rb:21:in `call'
  rack (1.5.2) lib/rack/runtime.rb:17:in `call'
  activesupport (4.1.6) lib/active_support/cache/strategy/local_cache_middleware.rb:26:in `call'
  rack (1.5.2) lib/rack/lock.rb:17:in `call'
  actionpack (4.1.6) lib/action_dispatch/middleware/static.rb:64:in `call'
  rack (1.5.2) lib/rack/sendfile.rb:112:in `call'
  railties (4.1.6) lib/rails/engine.rb:514:in `call'
  railties (4.1.6) lib/rails/application.rb:144:in `call'
  rack (1.5.2) lib/rack/lock.rb:17:in `call'
  rack (1.5.2) lib/rack/content_length.rb:14:in `call'
  rack (1.5.2) lib/rack/handler/webrick.rb:60:in `service'
  /System/Library/Frameworks/Ruby.framework/Versions/2.0/usr/lib/ruby/2.0.0/webrick/httpserver.rb:138:in `service'
  /System/Library/Frameworks/Ruby.framework/Versions/2.0/usr/lib/ruby/2.0.0/webrick/httpserver.rb:94:in `run'
  /System/Library/Frameworks/Ruby.framework/Versions/2.0/usr/lib/ruby/2.0.0/webrick/server.rb:295:in `block in start_thread'


  Rendered /Library/Ruby/Gems/2.0.0/gems/actionpack-4.1.6/lib/action_dispatch/middleware/templates/rescues/_trace.html.erb (1.0ms)
  Rendered /Library/Ruby/Gems/2.0.0/gems/actionpack-4.1.6/lib/action_dispatch/middleware/templates/routes/_table.html.erb (18.3ms)
  Rendered /Library/Ruby/Gems/2.0.0/gems/actionpack-4.1.6/lib/action_dispatch/middleware/templates/rescues/routing_error.html.erb within rescues/layout (33.1ms)


Started GET "/" for 127.0.0.1 at 2014-11-21 12:13:56 -0300
Processing by Rails::WelcomeController#index as HTML
  Rendered /Library/Ruby/Gems/2.0.0/gems/railties-4.1.6/lib/rails/templates/rails/welcome/index.html.erb (0.7ms)
Completed 200 OK in 35ms (Views: 2.6ms | ActiveRecord: 0.0ms)


Started GET "/" for 127.0.0.1 at 2014-11-21 12:13:56 -0300
Processing by Rails::WelcomeController#index as HTML
  Rendered /Library/Ruby/Gems/2.0.0/gems/railties-4.1.6/lib/rails/templates/rails/welcome/index.html.erb (0.1ms)
Completed 200 OK in 2ms (Views: 1.5ms | ActiveRecord: 0.0ms)


Started GET "/eventos" for 127.0.0.1 at 2014-11-21 12:13:57 -0300

ActionController::RoutingError (No route matches [GET] "/eventos"):
  actionpack (4.1.6) lib/action_dispatch/middleware/debug_exceptions.rb:21:in `call'
  actionpack (4.1.6) lib/action_dispatch/middleware/show_exceptions.rb:30:in `call'
  railties (4.1.6) lib/rails/rack/logger.rb:38:in `call_app'
  railties (4.1.6) lib/rails/rack/logger.rb:20:in `block in call'
  activesupport (4.1.6) lib/active_support/tagged_logging.rb:68:in `block in tagged'
  activesupport (4.1.6) lib/active_support/tagged_logging.rb:26:in `tagged'
  activesupport (4.1.6) lib/active_support/tagged_logging.rb:68:in `tagged'
  railties (4.1.6) lib/rails/rack/logger.rb:20:in `call'
  actionpack (4.1.6) lib/action_dispatch/middleware/request_id.rb:21:in `call'
  rack (1.5.2) lib/rack/methodoverride.rb:21:in `call'
  rack (1.5.2) lib/rack/runtime.rb:17:in `call'
  activesupport (4.1.6) lib/active_support/cache/strategy/local_cache_middleware.rb:26:in `call'
  rack (1.5.2) lib/rack/lock.rb:17:in `call'
  actionpack (4.1.6) lib/action_dispatch/middleware/static.rb:64:in `call'
  rack (1.5.2) lib/rack/sendfile.rb:112:in `call'
  railties (4.1.6) lib/rails/engine.rb:514:in `call'
  railties (4.1.6) lib/rails/application.rb:144:in `call'
  rack (1.5.2) lib/rack/lock.rb:17:in `call'
  rack (1.5.2) lib/rack/content_length.rb:14:in `call'
  rack (1.5.2) lib/rack/handler/webrick.rb:60:in `service'
  /System/Library/Frameworks/Ruby.framework/Versions/2.0/usr/lib/ruby/2.0.0/webrick/httpserver.rb:138:in `service'
  /System/Library/Frameworks/Ruby.framework/Versions/2.0/usr/lib/ruby/2.0.0/webrick/httpserver.rb:94:in `run'
  /System/Library/Frameworks/Ruby.framework/Versions/2.0/usr/lib/ruby/2.0.0/webrick/server.rb:295:in `block in start_thread'


  Rendered /Library/Ruby/Gems/2.0.0/gems/actionpack-4.1.6/lib/action_dispatch/middleware/templates/rescues/_trace.html.erb (1.8ms)
  Rendered /Library/Ruby/Gems/2.0.0/gems/actionpack-4.1.6/lib/action_dispatch/middleware/templates/routes/_table.html.erb (0.9ms)
  Rendered /Library/Ruby/Gems/2.0.0/gems/actionpack-4.1.6/lib/action_dispatch/middleware/templates/rescues/routing_error.html.erb within rescues/layout (15.1ms)


Started GET "/" for 127.0.0.1 at 2014-11-21 12:13:57 -0300
Processing by Rails::WelcomeController#index as HTML
  Rendered /Library/Ruby/Gems/2.0.0/gems/railties-4.1.6/lib/rails/templates/rails/welcome/index.html.erb (0.0ms)
Completed 200 OK in 1ms (Views: 0.9ms | ActiveRecord: 0.0ms)


Started GET "/" for 127.0.0.1 at 2014-11-21 12:25:54 -0300
Processing by Rails::WelcomeController#index as HTML
  Rendered /Library/Ruby/Gems/2.0.0/gems/railties-4.1.6/lib/rails/templates/rails/welcome/index.html.erb (0.0ms)
Completed 200 OK in 1ms (Views: 0.8ms | ActiveRecord: 0.0ms)


Started GET "/" for 127.0.0.1 at 2014-11-21 12:25:55 -0300
Processing by Rails::WelcomeController#index as HTML
  Rendered /Library/Ruby/Gems/2.0.0/gems/railties-4.1.6/lib/rails/templates/rails/welcome/index.html.erb (0.0ms)
Completed 200 OK in 1ms (Views: 0.8ms | ActiveRecord: 0.0ms)


Started GET "/" for 127.0.0.1 at 2014-11-21 12:32:01 -0300
Processing by Rails::WelcomeController#index as HTML
  Rendered /Library/Ruby/Gems/2.0.0/gems/railties-4.1.6/lib/rails/templates/rails/welcome/index.html.erb (0.1ms)
Completed 200 OK in 1ms (Views: 1.1ms | ActiveRecord: 0.0ms)


Started GET "/" for 127.0.0.1 at 2014-11-21 12:32:02 -0300
Processing by Rails::WelcomeController#index as HTML
  Rendered /Library/Ruby/Gems/2.0.0/gems/railties-4.1.6/lib/rails/templates/rails/welcome/index.html.erb (0.0ms)
Completed 200 OK in 1ms (Views: 0.9ms | ActiveRecord: 0.0ms)


Started GET "/" for 127.0.0.1 at 2014-11-21 12:32:04 -0300
Processing by Rails::WelcomeController#index as HTML
  Rendered /Library/Ruby/Gems/2.0.0/gems/railties-4.1.6/lib/rails/templates/rails/welcome/index.html.erb (0.1ms)
Completed 200 OK in 1ms (Views: 0.9ms | ActiveRecord: 0.0ms)


Started GET "/" for 127.0.0.1 at 2014-11-21 12:32:05 -0300
Processing by Rails::WelcomeController#index as HTML
  Rendered /Library/Ruby/Gems/2.0.0/gems/railties-4.1.6/lib/rails/templates/rails/welcome/index.html.erb (0.0ms)
Completed 200 OK in 1ms (Views: 0.8ms | ActiveRecord: 0.0ms)


Started GET "/" for 127.0.0.1 at 2014-11-21 12:32:05 -0300
Processing by Rails::WelcomeController#index as HTML
  Rendered /Library/Ruby/Gems/2.0.0/gems/railties-4.1.6/lib/rails/templates/rails/welcome/index.html.erb (0.0ms)
Completed 200 OK in 1ms (Views: 0.8ms | ActiveRecord: 0.0ms)


Started GET "/" for 127.0.0.1 at 2014-11-21 12:32:05 -0300
Processing by Rails::WelcomeController#index as HTML
  Rendered /Library/Ruby/Gems/2.0.0/gems/railties-4.1.6/lib/rails/templates/rails/welcome/index.html.erb (0.0ms)
Completed 200 OK in 1ms (Views: 0.7ms | ActiveRecord: 0.0ms)


Started GET "/" for 127.0.0.1 at 2014-11-21 12:32:05 -0300
Processing by Rails::WelcomeController#index as HTML
  Rendered /Library/Ruby/Gems/2.0.0/gems/railties-4.1.6/lib/rails/templates/rails/welcome/index.html.erb (0.0ms)
Completed 200 OK in 1ms (Views: 0.9ms | ActiveRecord: 0.0ms)


Started GET "/" for 127.0.0.1 at 2014-11-21 12:32:13 -0300
Processing by StaticPagesController#home as HTML
  Rendered static_pages/home.html.erb within layouts/application (0.3ms)
Completed 500 Internal Server Error in 75ms

ActionView::Template::Error (File to import not found or unreadable: bootstrap-sprockets.
Load paths:
  /Users/jorge/Documents/Facultad/Taller de proyectos I/bitwin/app/assets/images
  /Users/jorge/Documents/Facultad/Taller de proyectos I/bitwin/app/assets/javascripts
  /Users/jorge/Documents/Facultad/Taller de proyectos I/bitwin/app/assets/stylesheets
  /Users/jorge/Documents/Facultad/Taller de proyectos I/bitwin/vendor/assets/javascripts
  /Users/jorge/Documents/Facultad/Taller de proyectos I/bitwin/vendor/assets/stylesheets
  /Library/Ruby/Gems/2.0.0/gems/turbolinks-2.5.2/lib/assets/javascripts
  /Library/Ruby/Gems/2.0.0/gems/jquery-rails-3.1.2/vendor/assets/javascripts
  /Library/Ruby/Gems/2.0.0/gems/coffee-rails-4.0.1/lib/assets/javascripts
  (in /Users/jorge/Documents/Facultad/Taller de proyectos I/bitwin/app/assets/stylesheets/application.css.sass:17)):
    2: <html>
    3: <head>
    4:   <title>Bitwin</title>
    5:   <%= stylesheet_link_tag    'application', media: 'all', 'data-turbolinks-track' => true %>
    6:   <%= javascript_include_tag 'application', 'data-turbolinks-track' => true %>
    7:   <%= csrf_meta_tags %>
    8: </head>
  app/assets/stylesheets/application.css.sass:17
  app/views/layouts/application.html.erb:5:in `_app_views_layouts_application_html_erb__1280012744399093148_70178613948380'


  Rendered /Library/Ruby/Gems/2.0.0/gems/actionpack-4.1.6/lib/action_dispatch/middleware/templates/rescues/_trace.html.erb (1.2ms)
  Rendered /Library/Ruby/Gems/2.0.0/gems/actionpack-4.1.6/lib/action_dispatch/middleware/templates/rescues/_request_and_response.html.erb (1.3ms)
  Rendered /Library/Ruby/Gems/2.0.0/gems/actionpack-4.1.6/lib/action_dispatch/middleware/templates/rescues/template_error.html.erb within rescues/layout (29.3ms)


Started GET "/" for 127.0.0.1 at 2014-11-21 12:38:10 -0300
Processing by StaticPagesController#home as HTML
  Rendered static_pages/home.html.erb within layouts/application (0.1ms)
Completed 500 Internal Server Error in 6ms

ActionView::Template::Error (Invalid @import: expected end of line, was ";".
  (in /Users/jorge/Documents/Facultad/Taller de proyectos I/bitwin/app/assets/stylesheets/application.css.sass:17)):
    2: <html>
    3: <head>
    4:   <title>Bitwin</title>
    5:   <%= stylesheet_link_tag    'application', media: 'all', 'data-turbolinks-track' => true %>
    6:   <%= javascript_include_tag 'application', 'data-turbolinks-track' => true %>
    7:   <%= csrf_meta_tags %>
    8: </head>
  app/assets/stylesheets/application.css.sass:17
  app/views/layouts/application.html.erb:5:in `_app_views_layouts_application_html_erb__1280012744399093148_70178613948380'


  Rendered /Library/Ruby/Gems/2.0.0/gems/actionpack-4.1.6/lib/action_dispatch/middleware/templates/rescues/_trace.html.erb (1.0ms)
  Rendered /Library/Ruby/Gems/2.0.0/gems/actionpack-4.1.6/lib/action_dispatch/middleware/templates/rescues/_request_and_response.html.erb (0.7ms)
  Rendered /Library/Ruby/Gems/2.0.0/gems/actionpack-4.1.6/lib/action_dispatch/middleware/templates/rescues/template_error.html.erb within rescues/layout (8.4ms)


Started GET "/" for 127.0.0.1 at 2014-11-21 12:38:11 -0300
Processing by StaticPagesController#home as HTML
  Rendered static_pages/home.html.erb within layouts/application (0.0ms)
Completed 500 Internal Server Error in 6ms

ActionView::Template::Error (Invalid @import: expected end of line, was ";".
  (in /Users/jorge/Documents/Facultad/Taller de proyectos I/bitwin/app/assets/stylesheets/application.css.sass:17)):
    2: <html>
    3: <head>
    4:   <title>Bitwin</title>
    5:   <%= stylesheet_link_tag    'application', media: 'all', 'data-turbolinks-track' => true %>
    6:   <%= javascript_include_tag 'application', 'data-turbolinks-track' => true %>
    7:   <%= csrf_meta_tags %>
    8: </head>
  app/assets/stylesheets/application.css.sass:17
  app/views/layouts/application.html.erb:5:in `_app_views_layouts_application_html_erb__1280012744399093148_70178613948380'


  Rendered /Library/Ruby/Gems/2.0.0/gems/actionpack-4.1.6/lib/action_dispatch/middleware/templates/rescues/_trace.html.erb (1.9ms)
  Rendered /Library/Ruby/Gems/2.0.0/gems/actionpack-4.1.6/lib/action_dispatch/middleware/templates/rescues/_request_and_response.html.erb (0.8ms)
  Rendered /Library/Ruby/Gems/2.0.0/gems/actionpack-4.1.6/lib/action_dispatch/middleware/templates/rescues/template_error.html.erb within rescues/layout (10.5ms)


Started GET "/" for 127.0.0.1 at 2014-11-21 12:39:00 -0300
Processing by StaticPagesController#home as HTML
  Rendered static_pages/home.html.erb within layouts/application (0.1ms)
Completed 500 Internal Server Error in 7ms

ActionView::Template::Error (Invalid @import: expected end of line, was ";".
  (in /Users/jorge/Documents/Facultad/Taller de proyectos I/bitwin/app/assets/stylesheets/application.css.sass:17)):
    2: <html>
    3: <head>
    4:   <title>Bitwin</title>
    5:   <%= stylesheet_link_tag    'application', media: 'all', 'data-turbolinks-track' => true %>
    6:   <%= javascript_include_tag 'application', 'data-turbolinks-track' => true %>
    7:   <%= csrf_meta_tags %>
    8: </head>
  app/assets/stylesheets/application.css.sass:17
  app/views/layouts/application.html.erb:5:in `_app_views_layouts_application_html_erb__1280012744399093148_70178613948380'


  Rendered /Library/Ruby/Gems/2.0.0/gems/actionpack-4.1.6/lib/action_dispatch/middleware/templates/rescues/_trace.html.erb (1.0ms)
  Rendered /Library/Ruby/Gems/2.0.0/gems/actionpack-4.1.6/lib/action_dispatch/middleware/templates/rescues/_request_and_response.html.erb (1.0ms)
  Rendered /Library/Ruby/Gems/2.0.0/gems/actionpack-4.1.6/lib/action_dispatch/middleware/templates/rescues/template_error.html.erb within rescues/layout (9.3ms)


Started GET "/" for 127.0.0.1 at 2014-11-21 12:39:24 -0300
Processing by StaticPagesController#home as HTML
  Rendered static_pages/home.html.erb within layouts/application (0.1ms)
Completed 500 Internal Server Error in 6ms

ActionView::Template::Error (Invalid @import: expected end of line, was ";".
  (in /Users/jorge/Documents/Facultad/Taller de proyectos I/bitwin/app/assets/stylesheets/application.css.sass:2)):
    2: <html>
    3: <head>
    4:   <title>Bitwin</title>
    5:   <%= stylesheet_link_tag    'application', media: 'all', 'data-turbolinks-track' => true %>
    6:   <%= javascript_include_tag 'application', 'data-turbolinks-track' => true %>
    7:   <%= csrf_meta_tags %>
    8: </head>
  app/assets/stylesheets/application.css.sass:2
  app/views/layouts/application.html.erb:5:in `_app_views_layouts_application_html_erb__1280012744399093148_70178613948380'


  Rendered /Library/Ruby/Gems/2.0.0/gems/actionpack-4.1.6/lib/action_dispatch/middleware/templates/rescues/_trace.html.erb (1.1ms)
  Rendered /Library/Ruby/Gems/2.0.0/gems/actionpack-4.1.6/lib/action_dispatch/middleware/templates/rescues/_request_and_response.html.erb (0.8ms)
  Rendered /Library/Ruby/Gems/2.0.0/gems/actionpack-4.1.6/lib/action_dispatch/middleware/templates/rescues/template_error.html.erb within rescues/layout (9.3ms)


Started GET "/" for 127.0.0.1 at 2014-11-21 12:39:25 -0300
Processing by StaticPagesController#home as HTML
  Rendered static_pages/home.html.erb within layouts/application (0.1ms)
Completed 500 Internal Server Error in 7ms

ActionView::Template::Error (Invalid @import: expected end of line, was ";".
  (in /Users/jorge/Documents/Facultad/Taller de proyectos I/bitwin/app/assets/stylesheets/application.css.sass:2)):
    2: <html>
    3: <head>
    4:   <title>Bitwin</title>
    5:   <%= stylesheet_link_tag    'application', media: 'all', 'data-turbolinks-track' => true %>
    6:   <%= javascript_include_tag 'application', 'data-turbolinks-track' => true %>
    7:   <%= csrf_meta_tags %>
    8: </head>
  app/assets/stylesheets/application.css.sass:2
  app/views/layouts/application.html.erb:5:in `_app_views_layouts_application_html_erb__1280012744399093148_70178613948380'


  Rendered /Library/Ruby/Gems/2.0.0/gems/actionpack-4.1.6/lib/action_dispatch/middleware/templates/rescues/_trace.html.erb (1.0ms)
  Rendered /Library/Ruby/Gems/2.0.0/gems/actionpack-4.1.6/lib/action_dispatch/middleware/templates/rescues/_request_and_response.html.erb (1.3ms)
  Rendered /Library/Ruby/Gems/2.0.0/gems/actionpack-4.1.6/lib/action_dispatch/middleware/templates/rescues/template_error.html.erb within rescues/layout (9.2ms)


Started GET "/" for 127.0.0.1 at 2014-11-21 12:39:26 -0300
Processing by StaticPagesController#home as HTML
  Rendered static_pages/home.html.erb within layouts/application (0.1ms)
Completed 500 Internal Server Error in 38ms

ActionView::Template::Error (Invalid @import: expected end of line, was ";".
  (in /Users/jorge/Documents/Facultad/Taller de proyectos I/bitwin/app/assets/stylesheets/application.css.sass:2)):
    2: <html>
    3: <head>
    4:   <title>Bitwin</title>
    5:   <%= stylesheet_link_tag    'application', media: 'all', 'data-turbolinks-track' => true %>
    6:   <%= javascript_include_tag 'application', 'data-turbolinks-track' => true %>
    7:   <%= csrf_meta_tags %>
    8: </head>
  app/assets/stylesheets/application.css.sass:2
  app/views/layouts/application.html.erb:5:in `_app_views_layouts_application_html_erb__1280012744399093148_70178613948380'


  Rendered /Library/Ruby/Gems/2.0.0/gems/actionpack-4.1.6/lib/action_dispatch/middleware/templates/rescues/_trace.html.erb (1.0ms)
  Rendered /Library/Ruby/Gems/2.0.0/gems/actionpack-4.1.6/lib/action_dispatch/middleware/templates/rescues/_request_and_response.html.erb (0.7ms)
  Rendered /Library/Ruby/Gems/2.0.0/gems/actionpack-4.1.6/lib/action_dispatch/middleware/templates/rescues/template_error.html.erb within rescues/layout (8.7ms)


Started GET "/" for 127.0.0.1 at 2014-11-21 12:39:48 -0300
Processing by StaticPagesController#home as HTML
  Rendered static_pages/home.html.erb within layouts/application (0.1ms)
Completed 500 Internal Server Error in 6ms

ActionView::Template::Error (Invalid @import: expected end of line, was ";".
  (in /Users/jorge/Documents/Facultad/Taller de proyectos I/bitwin/app/assets/stylesheets/application.css.sass:1)):
    2: <html>
    3: <head>
    4:   <title>Bitwin</title>
    5:   <%= stylesheet_link_tag    'application', media: 'all', 'data-turbolinks-track' => true %>
    6:   <%= javascript_include_tag 'application', 'data-turbolinks-track' => true %>
    7:   <%= csrf_meta_tags %>
    8: </head>
  app/assets/stylesheets/application.css.sass:1
  app/views/layouts/application.html.erb:5:in `_app_views_layouts_application_html_erb__1280012744399093148_70178613948380'


  Rendered /Library/Ruby/Gems/2.0.0/gems/actionpack-4.1.6/lib/action_dispatch/middleware/templates/rescues/_trace.html.erb (0.9ms)
  Rendered /Library/Ruby/Gems/2.0.0/gems/actionpack-4.1.6/lib/action_dispatch/middleware/templates/rescues/_request_and_response.html.erb (0.7ms)
  Rendered /Library/Ruby/Gems/2.0.0/gems/actionpack-4.1.6/lib/action_dispatch/middleware/templates/rescues/template_error.html.erb within rescues/layout (8.3ms)


Started GET "/" for 127.0.0.1 at 2014-11-21 12:39:50 -0300
Processing by StaticPagesController#home as HTML
  Rendered static_pages/home.html.erb within layouts/application (0.1ms)
Completed 500 Internal Server Error in 6ms

ActionView::Template::Error (Invalid @import: expected end of line, was ";".
  (in /Users/jorge/Documents/Facultad/Taller de proyectos I/bitwin/app/assets/stylesheets/application.css.sass:1)):
    2: <html>
    3: <head>
    4:   <title>Bitwin</title>
    5:   <%= stylesheet_link_tag    'application', media: 'all', 'data-turbolinks-track' => true %>
    6:   <%= javascript_include_tag 'application', 'data-turbolinks-track' => true %>
    7:   <%= csrf_meta_tags %>
    8: </head>
  app/assets/stylesheets/application.css.sass:1
  app/views/layouts/application.html.erb:5:in `_app_views_layouts_application_html_erb__1280012744399093148_70178613948380'


  Rendered /Library/Ruby/Gems/2.0.0/gems/actionpack-4.1.6/lib/action_dispatch/middleware/templates/rescues/_trace.html.erb (1.1ms)
  Rendered /Library/Ruby/Gems/2.0.0/gems/actionpack-4.1.6/lib/action_dispatch/middleware/templates/rescues/_request_and_response.html.erb (0.8ms)
  Rendered /Library/Ruby/Gems/2.0.0/gems/actionpack-4.1.6/lib/action_dispatch/middleware/templates/rescues/template_error.html.erb within rescues/layout (10.8ms)


Started GET "/" for 127.0.0.1 at 2014-11-21 12:41:12 -0300
Processing by StaticPagesController#home as HTML
  Rendered static_pages/home.html.erb within layouts/application (0.1ms)
Completed 500 Internal Server Error in 5ms

ActionView::Template::Error (Invalid @import: expected end of line, was ";".
  (in /Users/jorge/Documents/Facultad/Taller de proyectos I/bitwin/app/assets/stylesheets/application.css.sass:1)):
    2: <html>
    3: <head>
    4:   <title>Bitwin</title>
    5:   <%= stylesheet_link_tag    'application', media: 'all', 'data-turbolinks-track' => true %>
    6:   <%= javascript_include_tag 'application', 'data-turbolinks-track' => true %>
    7:   <%= csrf_meta_tags %>
    8: </head>
  app/assets/stylesheets/application.css.sass:1
  app/views/layouts/application.html.erb:5:in `_app_views_layouts_application_html_erb__1280012744399093148_70178613948380'


  Rendered /Library/Ruby/Gems/2.0.0/gems/actionpack-4.1.6/lib/action_dispatch/middleware/templates/rescues/_trace.html.erb (1.5ms)
  Rendered /Library/Ruby/Gems/2.0.0/gems/actionpack-4.1.6/lib/action_dispatch/middleware/templates/rescues/_request_and_response.html.erb (0.8ms)
  Rendered /Library/Ruby/Gems/2.0.0/gems/actionpack-4.1.6/lib/action_dispatch/middleware/templates/rescues/template_error.html.erb within rescues/layout (10.8ms)


Started GET "/" for 127.0.0.1 at 2014-11-21 12:41:13 -0300
Processing by StaticPagesController#home as HTML
  Rendered static_pages/home.html.erb within layouts/application (0.0ms)
Completed 500 Internal Server Error in 5ms

ActionView::Template::Error (Invalid @import: expected end of line, was ";".
  (in /Users/jorge/Documents/Facultad/Taller de proyectos I/bitwin/app/assets/stylesheets/application.css.sass:1)):
    2: <html>
    3: <head>
    4:   <title>Bitwin</title>
    5:   <%= stylesheet_link_tag    'application', media: 'all', 'data-turbolinks-track' => true %>
    6:   <%= javascript_include_tag 'application', 'data-turbolinks-track' => true %>
    7:   <%= csrf_meta_tags %>
    8: </head>
  app/assets/stylesheets/application.css.sass:1
  app/views/layouts/application.html.erb:5:in `_app_views_layouts_application_html_erb__1280012744399093148_70178613948380'


  Rendered /Library/Ruby/Gems/2.0.0/gems/actionpack-4.1.6/lib/action_dispatch/middleware/templates/rescues/_trace.html.erb (32.5ms)
  Rendered /Library/Ruby/Gems/2.0.0/gems/actionpack-4.1.6/lib/action_dispatch/middleware/templates/rescues/_request_and_response.html.erb (0.8ms)
  Rendered /Library/Ruby/Gems/2.0.0/gems/actionpack-4.1.6/lib/action_dispatch/middleware/templates/rescues/template_error.html.erb within rescues/layout (40.5ms)


Started GET "/" for 127.0.0.1 at 2014-11-21 12:41:13 -0300
Processing by StaticPagesController#home as HTML
  Rendered static_pages/home.html.erb within layouts/application (0.0ms)
Completed 500 Internal Server Error in 5ms

ActionView::Template::Error (Invalid @import: expected end of line, was ";".
  (in /Users/jorge/Documents/Facultad/Taller de proyectos I/bitwin/app/assets/stylesheets/application.css.sass:1)):
    2: <html>
    3: <head>
    4:   <title>Bitwin</title>
    5:   <%= stylesheet_link_tag    'application', media: 'all', 'data-turbolinks-track' => true %>
    6:   <%= javascript_include_tag 'application', 'data-turbolinks-track' => true %>
    7:   <%= csrf_meta_tags %>
    8: </head>
  app/assets/stylesheets/application.css.sass:1
  app/views/layouts/application.html.erb:5:in `_app_views_layouts_application_html_erb__1280012744399093148_70178613948380'


  Rendered /Library/Ruby/Gems/2.0.0/gems/actionpack-4.1.6/lib/action_dispatch/middleware/templates/rescues/_trace.html.erb (0.9ms)
  Rendered /Library/Ruby/Gems/2.0.0/gems/actionpack-4.1.6/lib/action_dispatch/middleware/templates/rescues/_request_and_response.html.erb (1.2ms)
  Rendered /Library/Ruby/Gems/2.0.0/gems/actionpack-4.1.6/lib/action_dispatch/middleware/templates/rescues/template_error.html.erb within rescues/layout (8.8ms)


Started GET "/" for 127.0.0.1 at 2014-11-21 12:41:13 -0300
Processing by StaticPagesController#home as HTML
  Rendered static_pages/home.html.erb within layouts/application (0.1ms)
Completed 500 Internal Server Error in 6ms

ActionView::Template::Error (Invalid @import: expected end of line, was ";".
  (in /Users/jorge/Documents/Facultad/Taller de proyectos I/bitwin/app/assets/stylesheets/application.css.sass:1)):
    2: <html>
    3: <head>
    4:   <title>Bitwin</title>
    5:   <%= stylesheet_link_tag    'application', media: 'all', 'data-turbolinks-track' => true %>
    6:   <%= javascript_include_tag 'application', 'data-turbolinks-track' => true %>
    7:   <%= csrf_meta_tags %>
    8: </head>
  app/assets/stylesheets/application.css.sass:1
  app/views/layouts/application.html.erb:5:in `_app_views_layouts_application_html_erb__1280012744399093148_70178613948380'


  Rendered /Library/Ruby/Gems/2.0.0/gems/actionpack-4.1.6/lib/action_dispatch/middleware/templates/rescues/_trace.html.erb (0.9ms)
  Rendered /Library/Ruby/Gems/2.0.0/gems/actionpack-4.1.6/lib/action_dispatch/middleware/templates/rescues/_request_and_response.html.erb (0.7ms)
  Rendered /Library/Ruby/Gems/2.0.0/gems/actionpack-4.1.6/lib/action_dispatch/middleware/templates/rescues/template_error.html.erb within rescues/layout (8.4ms)


Started GET "/" for 127.0.0.1 at 2014-11-21 12:42:01 -0300
Processing by StaticPagesController#home as HTML
  Rendered static_pages/home.html.erb within layouts/application (0.1ms)
Completed 500 Internal Server Error in 6ms

ActionView::Template::Error (Invalid @import: expected end of line, was ";".
  (in /Users/jorge/Documents/Facultad/Taller de proyectos I/bitwin/app/assets/stylesheets/application.css.sass:1)):
    2: <html>
    3: <head>
    4:   <title>Bitwin</title>
    5:   <%= stylesheet_link_tag    'application', media: 'all', 'data-turbolinks-track' => true %>
    6:   <%= javascript_include_tag 'application', 'data-turbolinks-track' => true %>
    7:   <%= csrf_meta_tags %>
    8: </head>
  app/assets/stylesheets/application.css.sass:1
  app/views/layouts/application.html.erb:5:in `_app_views_layouts_application_html_erb__1280012744399093148_70178613948380'


  Rendered /Library/Ruby/Gems/2.0.0/gems/actionpack-4.1.6/lib/action_dispatch/middleware/templates/rescues/_trace.html.erb (0.9ms)
  Rendered /Library/Ruby/Gems/2.0.0/gems/actionpack-4.1.6/lib/action_dispatch/middleware/templates/rescues/_request_and_response.html.erb (0.7ms)
  Rendered /Library/Ruby/Gems/2.0.0/gems/actionpack-4.1.6/lib/action_dispatch/middleware/templates/rescues/template_error.html.erb within rescues/layout (8.3ms)


Started GET "/" for 127.0.0.1 at 2014-11-21 12:42:04 -0300
Processing by StaticPagesController#home as HTML
  Rendered static_pages/home.html.erb within layouts/application (0.1ms)
Completed 500 Internal Server Error in 6ms

ActionView::Template::Error (Invalid @import: expected end of line, was ";".
  (in /Users/jorge/Documents/Facultad/Taller de proyectos I/bitwin/app/assets/stylesheets/application.css.sass:1)):
    2: <html>
    3: <head>
    4:   <title>Bitwin</title>
    5:   <%= stylesheet_link_tag    'application', media: 'all', 'data-turbolinks-track' => true %>
    6:   <%= javascript_include_tag 'application', 'data-turbolinks-track' => true %>
    7:   <%= csrf_meta_tags %>
    8: </head>
  app/assets/stylesheets/application.css.sass:1
  app/views/layouts/application.html.erb:5:in `_app_views_layouts_application_html_erb__1280012744399093148_70178613948380'


  Rendered /Library/Ruby/Gems/2.0.0/gems/actionpack-4.1.6/lib/action_dispatch/middleware/templates/rescues/_trace.html.erb (1.0ms)
  Rendered /Library/Ruby/Gems/2.0.0/gems/actionpack-4.1.6/lib/action_dispatch/middleware/templates/rescues/_request_and_response.html.erb (0.7ms)
  Rendered /Library/Ruby/Gems/2.0.0/gems/actionpack-4.1.6/lib/action_dispatch/middleware/templates/rescues/template_error.html.erb within rescues/layout (8.8ms)


Started GET "/" for 127.0.0.1 at 2014-11-21 12:42:45 -0300
Processing by StaticPagesController#home as HTML
  Rendered static_pages/home.html.erb within layouts/application (0.0ms)
Completed 500 Internal Server Error in 5ms

ActionView::Template::Error (Invalid @import: expected end of line, was ";".
  (in /Users/jorge/Documents/Facultad/Taller de proyectos I/bitwin/app/assets/stylesheets/application.css.sass:1)):
    2: <html>
    3: <head>
    4:   <title>Bitwin</title>
    5:   <%= stylesheet_link_tag    'application', media: 'all', 'data-turbolinks-track' => true %>
    6:   <%= javascript_include_tag 'application', 'data-turbolinks-track' => true %>
    7:   <%= csrf_meta_tags %>
    8: </head>
  app/assets/stylesheets/application.css.sass:1
  app/views/layouts/application.html.erb:5:in `_app_views_layouts_application_html_erb__1280012744399093148_70178613948380'


  Rendered /Library/Ruby/Gems/2.0.0/gems/actionpack-4.1.6/lib/action_dispatch/middleware/templates/rescues/_trace.html.erb (0.9ms)
  Rendered /Library/Ruby/Gems/2.0.0/gems/actionpack-4.1.6/lib/action_dispatch/middleware/templates/rescues/_request_and_response.html.erb (0.9ms)
  Rendered /Library/Ruby/Gems/2.0.0/gems/actionpack-4.1.6/lib/action_dispatch/middleware/templates/rescues/template_error.html.erb within rescues/layout (9.7ms)


Started GET "/" for 127.0.0.1 at 2014-11-21 12:42:46 -0300
Processing by StaticPagesController#home as HTML
  Rendered static_pages/home.html.erb within layouts/application (0.0ms)
Completed 500 Internal Server Error in 5ms

ActionView::Template::Error (Invalid @import: expected end of line, was ";".
  (in /Users/jorge/Documents/Facultad/Taller de proyectos I/bitwin/app/assets/stylesheets/application.css.sass:1)):
    2: <html>
    3: <head>
    4:   <title>Bitwin</title>
    5:   <%= stylesheet_link_tag    'application', media: 'all', 'data-turbolinks-track' => true %>
    6:   <%= javascript_include_tag 'application', 'data-turbolinks-track' => true %>
    7:   <%= csrf_meta_tags %>
    8: </head>
  app/assets/stylesheets/application.css.sass:1
  app/views/layouts/application.html.erb:5:in `_app_views_layouts_application_html_erb__1280012744399093148_70178613948380'


  Rendered /Library/Ruby/Gems/2.0.0/gems/actionpack-4.1.6/lib/action_dispatch/middleware/templates/rescues/_trace.html.erb (0.9ms)
  Rendered /Library/Ruby/Gems/2.0.0/gems/actionpack-4.1.6/lib/action_dispatch/middleware/templates/rescues/_request_and_response.html.erb (0.8ms)
  Rendered /Library/Ruby/Gems/2.0.0/gems/actionpack-4.1.6/lib/action_dispatch/middleware/templates/rescues/template_error.html.erb within rescues/layout (8.9ms)


Started GET "/" for 127.0.0.1 at 2014-11-21 12:42:47 -0300
Processing by StaticPagesController#home as HTML
  Rendered static_pages/home.html.erb within layouts/application (0.1ms)
Completed 500 Internal Server Error in 6ms

ActionView::Template::Error (Invalid @import: expected end of line, was ";".
  (in /Users/jorge/Documents/Facultad/Taller de proyectos I/bitwin/app/assets/stylesheets/application.css.sass:1)):
    2: <html>
    3: <head>
    4:   <title>Bitwin</title>
    5:   <%= stylesheet_link_tag    'application', media: 'all', 'data-turbolinks-track' => true %>
    6:   <%= javascript_include_tag 'application', 'data-turbolinks-track' => true %>
    7:   <%= csrf_meta_tags %>
    8: </head>
  app/assets/stylesheets/application.css.sass:1
  app/views/layouts/application.html.erb:5:in `_app_views_layouts_application_html_erb__1280012744399093148_70178613948380'


  Rendered /Library/Ruby/Gems/2.0.0/gems/actionpack-4.1.6/lib/action_dispatch/middleware/templates/rescues/_trace.html.erb (0.9ms)
  Rendered /Library/Ruby/Gems/2.0.0/gems/actionpack-4.1.6/lib/action_dispatch/middleware/templates/rescues/_request_and_response.html.erb (0.7ms)
  Rendered /Library/Ruby/Gems/2.0.0/gems/actionpack-4.1.6/lib/action_dispatch/middleware/templates/rescues/template_error.html.erb within rescues/layout (8.2ms)


Started GET "/" for 127.0.0.1 at 2014-11-21 12:42:48 -0300
Processing by StaticPagesController#home as HTML
  Rendered static_pages/home.html.erb within layouts/application (0.1ms)
Completed 500 Internal Server Error in 5ms

ActionView::Template::Error (Invalid @import: expected end of line, was ";".
  (in /Users/jorge/Documents/Facultad/Taller de proyectos I/bitwin/app/assets/stylesheets/application.css.sass:1)):
    2: <html>
    3: <head>
    4:   <title>Bitwin</title>
    5:   <%= stylesheet_link_tag    'application', media: 'all', 'data-turbolinks-track' => true %>
    6:   <%= javascript_include_tag 'application', 'data-turbolinks-track' => true %>
    7:   <%= csrf_meta_tags %>
    8: </head>
  app/assets/stylesheets/application.css.sass:1
  app/views/layouts/application.html.erb:5:in `_app_views_layouts_application_html_erb__1280012744399093148_70178613948380'


  Rendered /Library/Ruby/Gems/2.0.0/gems/actionpack-4.1.6/lib/action_dispatch/middleware/templates/rescues/_trace.html.erb (0.9ms)
  Rendered /Library/Ruby/Gems/2.0.0/gems/actionpack-4.1.6/lib/action_dispatch/middleware/templates/rescues/_request_and_response.html.erb (0.7ms)
  Rendered /Library/Ruby/Gems/2.0.0/gems/actionpack-4.1.6/lib/action_dispatch/middleware/templates/rescues/template_error.html.erb within rescues/layout (8.2ms)


Started GET "/" for 127.0.0.1 at 2014-11-21 12:42:54 -0300
Processing by StaticPagesController#home as HTML
  Rendered static_pages/home.html.erb within layouts/application (0.0ms)
Completed 500 Internal Server Error in 5ms

ActionView::Template::Error (Invalid @import: expected end of line, was ";".
  (in /Users/jorge/Documents/Facultad/Taller de proyectos I/bitwin/app/assets/stylesheets/application.css.sass:1)):
    2: <html>
    3: <head>
    4:   <title>Bitwin</title>
    5:   <%= stylesheet_link_tag    'application', media: 'all', 'data-turbolinks-track' => true %>
    6:   <%= javascript_include_tag 'application', 'data-turbolinks-track' => true %>
    7:   <%= csrf_meta_tags %>
    8: </head>
  app/assets/stylesheets/application.css.sass:1
  app/views/layouts/application.html.erb:5:in `_app_views_layouts_application_html_erb__1280012744399093148_70178613948380'


  Rendered /Library/Ruby/Gems/2.0.0/gems/actionpack-4.1.6/lib/action_dispatch/middleware/templates/rescues/_trace.html.erb (1.1ms)
  Rendered /Library/Ruby/Gems/2.0.0/gems/actionpack-4.1.6/lib/action_dispatch/middleware/templates/rescues/_request_and_response.html.erb (0.7ms)
  Rendered /Library/Ruby/Gems/2.0.0/gems/actionpack-4.1.6/lib/action_dispatch/middleware/templates/rescues/template_error.html.erb within rescues/layout (9.0ms)


Started GET "/" for 127.0.0.1 at 2014-11-21 12:43:04 -0300
Processing by StaticPagesController#home as HTML
  Rendered static_pages/home.html.erb within layouts/application (0.1ms)
Completed 500 Internal Server Error in 97ms

ActionView::Template::Error (couldn't find file 'bootstrap-sprockets'
  (in /Users/jorge/Documents/Facultad/Taller de proyectos I/bitwin/app/assets/javascripts/application.js:16)):
    3: <head>
    4:   <title>Bitwin</title>
    5:   <%= stylesheet_link_tag    'application', media: 'all', 'data-turbolinks-track' => true %>
    6:   <%= javascript_include_tag 'application', 'data-turbolinks-track' => true %>
    7:   <%= csrf_meta_tags %>
    8: </head>
    9: <body>
  app/views/layouts/application.html.erb:6:in `_app_views_layouts_application_html_erb__1280012744399093148_70178613948380'


  Rendered /Library/Ruby/Gems/2.0.0/gems/actionpack-4.1.6/lib/action_dispatch/middleware/templates/rescues/_trace.html.erb (1.2ms)
  Rendered /Library/Ruby/Gems/2.0.0/gems/actionpack-4.1.6/lib/action_dispatch/middleware/templates/rescues/_request_and_response.html.erb (0.7ms)
  Rendered /Library/Ruby/Gems/2.0.0/gems/actionpack-4.1.6/lib/action_dispatch/middleware/templates/rescues/template_error.html.erb within rescues/layout (8.7ms)


Started GET "/" for 127.0.0.1 at 2014-11-21 12:43:18 -0300
Processing by StaticPagesController#home as HTML
  Rendered static_pages/home.html.erb within layouts/application (0.0ms)
Completed 200 OK in 1060ms (Views: 1059.2ms | ActiveRecord: 0.0ms)


Started GET "/assets/application.css?body=1" for 127.0.0.1 at 2014-11-21 12:43:19 -0300


Started GET "/assets/jquery.js?body=1" for 127.0.0.1 at 2014-11-21 12:43:19 -0300


Started GET "/assets/turbolinks.js?body=1" for 127.0.0.1 at 2014-11-21 12:43:19 -0300


Started GET "/assets/static_pages.js?body=1" for 127.0.0.1 at 2014-11-21 12:43:19 -0300


Started GET "/assets/jquery_ujs.js?body=1" for 127.0.0.1 at 2014-11-21 12:43:19 -0300


Started GET "/assets/application.js?body=1" for 127.0.0.1 at 2014-11-21 12:43:19 -0300


Started GET "/" for 127.0.0.1 at 2014-11-21 12:46:24 -0300
Processing by StaticPagesController#home as HTML
  Rendered static_pages/home.html.erb within layouts/application (0.1ms)
Completed 500 Internal Server Error in 12ms

ActionView::Template::Error (File to import not found or unreadable: bootstrap-sprockets.
Load paths:
  /Users/jorge/Documents/Facultad/Taller de proyectos I/bitwin/app/assets/images
  /Users/jorge/Documents/Facultad/Taller de proyectos I/bitwin/app/assets/javascripts
  /Users/jorge/Documents/Facultad/Taller de proyectos I/bitwin/app/assets/stylesheets
  /Users/jorge/Documents/Facultad/Taller de proyectos I/bitwin/vendor/assets/javascripts
  /Users/jorge/Documents/Facultad/Taller de proyectos I/bitwin/vendor/assets/stylesheets
  /Library/Ruby/Gems/2.0.0/gems/turbolinks-2.5.2/lib/assets/javascripts
  /Library/Ruby/Gems/2.0.0/gems/jquery-rails-3.1.2/vendor/assets/javascripts
  /Library/Ruby/Gems/2.0.0/gems/coffee-rails-4.0.1/lib/assets/javascripts
  (in /Users/jorge/Documents/Facultad/Taller de proyectos I/bitwin/app/assets/stylesheets/custom.css.scss:1)):
    2: <html>
    3: <head>
    4:   <title>Bitwin</title>
    5:   <%= stylesheet_link_tag    'application', media: 'all', 'data-turbolinks-track' => true %>
    6:   <%= javascript_include_tag 'application', 'data-turbolinks-track' => true %>
    7:   <%= csrf_meta_tags %>
    8: </head>
  app/assets/stylesheets/custom.css.scss:1
  app/views/layouts/application.html.erb:5:in `_app_views_layouts_application_html_erb__1280012744399093148_70178613948380'


  Rendered /Library/Ruby/Gems/2.0.0/gems/actionpack-4.1.6/lib/action_dispatch/middleware/templates/rescues/_trace.html.erb (0.9ms)
  Rendered /Library/Ruby/Gems/2.0.0/gems/actionpack-4.1.6/lib/action_dispatch/middleware/templates/rescues/_request_and_response.html.erb (0.7ms)
  Rendered /Library/Ruby/Gems/2.0.0/gems/actionpack-4.1.6/lib/action_dispatch/middleware/templates/rescues/template_error.html.erb within rescues/layout (8.5ms)


Started GET "/" for 127.0.0.1 at 2014-11-21 12:46:25 -0300
Processing by StaticPagesController#home as HTML
  Rendered static_pages/home.html.erb within layouts/application (0.0ms)
Completed 500 Internal Server Error in 10ms

ActionView::Template::Error (File to import not found or unreadable: bootstrap-sprockets.
Load paths:
  /Users/jorge/Documents/Facultad/Taller de proyectos I/bitwin/app/assets/images
  /Users/jorge/Documents/Facultad/Taller de proyectos I/bitwin/app/assets/javascripts
  /Users/jorge/Documents/Facultad/Taller de proyectos I/bitwin/app/assets/stylesheets
  /Users/jorge/Documents/Facultad/Taller de proyectos I/bitwin/vendor/assets/javascripts
  /Users/jorge/Documents/Facultad/Taller de proyectos I/bitwin/vendor/assets/stylesheets
  /Library/Ruby/Gems/2.0.0/gems/turbolinks-2.5.2/lib/assets/javascripts
  /Library/Ruby/Gems/2.0.0/gems/jquery-rails-3.1.2/vendor/assets/javascripts
  /Library/Ruby/Gems/2.0.0/gems/coffee-rails-4.0.1/lib/assets/javascripts
  (in /Users/jorge/Documents/Facultad/Taller de proyectos I/bitwin/app/assets/stylesheets/custom.css.scss:1)):
    2: <html>
    3: <head>
    4:   <title>Bitwin</title>
    5:   <%= stylesheet_link_tag    'application', media: 'all', 'data-turbolinks-track' => true %>
    6:   <%= javascript_include_tag 'application', 'data-turbolinks-track' => true %>
    7:   <%= csrf_meta_tags %>
    8: </head>
  app/assets/stylesheets/custom.css.scss:1
  app/views/layouts/application.html.erb:5:in `_app_views_layouts_application_html_erb__1280012744399093148_70178613948380'


  Rendered /Library/Ruby/Gems/2.0.0/gems/actionpack-4.1.6/lib/action_dispatch/middleware/templates/rescues/_trace.html.erb (1.5ms)
  Rendered /Library/Ruby/Gems/2.0.0/gems/actionpack-4.1.6/lib/action_dispatch/middleware/templates/rescues/_request_and_response.html.erb (0.9ms)
  Rendered /Library/Ruby/Gems/2.0.0/gems/actionpack-4.1.6/lib/action_dispatch/middleware/templates/rescues/template_error.html.erb within rescues/layout (10.6ms)


Started GET "/" for 127.0.0.1 at 2014-11-21 12:49:37 -0300
Processing by StaticPagesController#home as HTML
  Rendered static_pages/home.html.erb within layouts/application (0.8ms)
Completed 200 OK in 2738ms (Views: 2721.1ms | ActiveRecord: 0.0ms)


Started GET "/assets/custom.css?body=1" for 127.0.0.1 at 2014-11-21 12:49:40 -0300


Started GET "/assets/application.css?body=1" for 127.0.0.1 at 2014-11-21 12:49:40 -0300


Started GET "/assets/turbolinks.js?body=1" for 127.0.0.1 at 2014-11-21 12:49:40 -0300


Started GET "/assets/static_pages.css?body=1" for 127.0.0.1 at 2014-11-21 12:49:40 -0300


Started GET "/assets/static_pages.js?body=1" for 127.0.0.1 at 2014-11-21 12:49:40 -0300


Started GET "/assets/jquery_ujs.js?body=1" for 127.0.0.1 at 2014-11-21 12:49:40 -0300


Started GET "/assets/application.js?body=1" for 127.0.0.1 at 2014-11-21 12:49:40 -0300


Started GET "/assets/jquery.js?body=1" for 127.0.0.1 at 2014-11-21 12:49:40 -0300


Started GET "/" for 127.0.0.1 at 2014-11-21 12:50:00 -0300
Processing by StaticPagesController#home as HTML
  Rendered static_pages/home.html.erb within layouts/application (0.4ms)
Completed 200 OK in 51ms (Views: 50.2ms | ActiveRecord: 0.0ms)


Started GET "/assets/custom.css?body=1" for 127.0.0.1 at 2014-11-21 12:50:00 -0300


Started GET "/assets/static_pages.css?body=1" for 127.0.0.1 at 2014-11-21 12:50:00 -0300


Started GET "/assets/application.css?body=1" for 127.0.0.1 at 2014-11-21 12:50:00 -0300


Started GET "/assets/jquery_ujs.js?body=1" for 127.0.0.1 at 2014-11-21 12:50:00 -0300


Started GET "/assets/jquery.js?body=1" for 127.0.0.1 at 2014-11-21 12:50:00 -0300


Started GET "/assets/turbolinks.js?body=1" for 127.0.0.1 at 2014-11-21 12:50:00 -0300


Started GET "/assets/static_pages.js?body=1" for 127.0.0.1 at 2014-11-21 12:50:00 -0300


Started GET "/assets/application.js?body=1" for 127.0.0.1 at 2014-11-21 12:50:00 -0300


Started GET "/" for 127.0.0.1 at 2014-11-21 12:50:33 -0300
Processing by StaticPagesController#home as HTML
  Rendered static_pages/home.html.erb within layouts/application (0.3ms)
Completed 200 OK in 48ms (Views: 47.3ms | ActiveRecord: 0.0ms)


Started GET "/assets/custom.css?body=1" for 127.0.0.1 at 2014-11-21 12:50:33 -0300


Started GET "/assets/jquery_ujs.js?body=1" for 127.0.0.1 at 2014-11-21 12:50:33 -0300


Started GET "/assets/application.css?body=1" for 127.0.0.1 at 2014-11-21 12:50:33 -0300


Started GET "/assets/static_pages.js?body=1" for 127.0.0.1 at 2014-11-21 12:50:33 -0300


Started GET "/assets/static_pages.css?body=1" for 127.0.0.1 at 2014-11-21 12:50:33 -0300


Started GET "/assets/turbolinks.js?body=1" for 127.0.0.1 at 2014-11-21 12:50:33 -0300


Started GET "/assets/jquery.js?body=1" for 127.0.0.1 at 2014-11-21 12:50:33 -0300


Started GET "/assets/application.js?body=1" for 127.0.0.1 at 2014-11-21 12:50:33 -0300


Started GET "/" for 127.0.0.1 at 2014-11-21 12:56:00 -0300
Processing by StaticPagesController#home as HTML
  Rendered static_pages/home.html.erb within layouts/application (0.0ms)
Completed 200 OK in 1471ms (Views: 1470.4ms | ActiveRecord: 0.0ms)


Started GET "/assets/css_for_bootstrap.css?body=1" for 127.0.0.1 at 2014-11-21 12:56:01 -0300


Started GET "/assets/application.css?body=1" for 127.0.0.1 at 2014-11-21 12:56:01 -0300


Started GET "/assets/jquery.js?body=1" for 127.0.0.1 at 2014-11-21 12:56:01 -0300


Started GET "/assets/jquery_ujs.js?body=1" for 127.0.0.1 at 2014-11-21 12:56:01 -0300


Started GET "/assets/static_pages.css?body=1" for 127.0.0.1 at 2014-11-21 12:56:01 -0300


Started GET "/assets/static_pages.js?body=1" for 127.0.0.1 at 2014-11-21 12:56:01 -0300


Started GET "/assets/turbolinks.js?body=1" for 127.0.0.1 at 2014-11-21 12:56:01 -0300


Started GET "/assets/application.js?body=1" for 127.0.0.1 at 2014-11-21 12:56:01 -0300


Started GET "/" for 127.0.0.1 at 2014-11-21 13:18:59 -0300
Processing by StaticPagesController#home as HTML
  Rendered static_pages/home.html.erb within layouts/application (0.1ms)
Completed 200 OK in 45ms (Views: 44.2ms | ActiveRecord: 0.0ms)


Started GET "/assets/static_pages.css?body=1" for 127.0.0.1 at 2014-11-21 13:18:59 -0300


Started GET "/assets/jquery_ujs.js?body=1" for 127.0.0.1 at 2014-11-21 13:18:59 -0300


Started GET "/assets/css_for_bootstrap.css?body=1" for 127.0.0.1 at 2014-11-21 13:18:59 -0300


Started GET "/assets/jquery.js?body=1" for 127.0.0.1 at 2014-11-21 13:18:59 -0300


Started GET "/assets/application.css?body=1" for 127.0.0.1 at 2014-11-21 13:18:59 -0300


Started GET "/assets/static_pages.js?body=1" for 127.0.0.1 at 2014-11-21 13:18:59 -0300


Started GET "/assets/turbolinks.js?body=1" for 127.0.0.1 at 2014-11-21 13:18:59 -0300


Started GET "/assets/application.js?body=1" for 127.0.0.1 at 2014-11-21 13:18:59 -0300


Started GET "/about" for 127.0.0.1 at 2014-11-21 13:19:00 -0300

ActionController::RoutingError (No route matches [GET] "/about"):
  actionpack (4.1.6) lib/action_dispatch/middleware/debug_exceptions.rb:21:in `call'
  actionpack (4.1.6) lib/action_dispatch/middleware/show_exceptions.rb:30:in `call'
  railties (4.1.6) lib/rails/rack/logger.rb:38:in `call_app'
  railties (4.1.6) lib/rails/rack/logger.rb:20:in `block in call'
  activesupport (4.1.6) lib/active_support/tagged_logging.rb:68:in `block in tagged'
  activesupport (4.1.6) lib/active_support/tagged_logging.rb:26:in `tagged'
  activesupport (4.1.6) lib/active_support/tagged_logging.rb:68:in `tagged'
  railties (4.1.6) lib/rails/rack/logger.rb:20:in `call'
  actionpack (4.1.6) lib/action_dispatch/middleware/request_id.rb:21:in `call'
  rack (1.5.2) lib/rack/methodoverride.rb:21:in `call'
  rack (1.5.2) lib/rack/runtime.rb:17:in `call'
  activesupport (4.1.6) lib/active_support/cache/strategy/local_cache_middleware.rb:26:in `call'
  rack (1.5.2) lib/rack/lock.rb:17:in `call'
  actionpack (4.1.6) lib/action_dispatch/middleware/static.rb:64:in `call'
  rack (1.5.2) lib/rack/sendfile.rb:112:in `call'
  railties (4.1.6) lib/rails/engine.rb:514:in `call'
  railties (4.1.6) lib/rails/application.rb:144:in `call'
  rack (1.5.2) lib/rack/lock.rb:17:in `call'
  rack (1.5.2) lib/rack/content_length.rb:14:in `call'
  rack (1.5.2) lib/rack/handler/webrick.rb:60:in `service'
  /System/Library/Frameworks/Ruby.framework/Versions/2.0/usr/lib/ruby/2.0.0/webrick/httpserver.rb:138:in `service'
  /System/Library/Frameworks/Ruby.framework/Versions/2.0/usr/lib/ruby/2.0.0/webrick/httpserver.rb:94:in `run'
  /System/Library/Frameworks/Ruby.framework/Versions/2.0/usr/lib/ruby/2.0.0/webrick/server.rb:295:in `block in start_thread'


  Rendered /Library/Ruby/Gems/2.0.0/gems/actionpack-4.1.6/lib/action_dispatch/middleware/templates/rescues/_trace.html.erb (0.8ms)
  Rendered /Library/Ruby/Gems/2.0.0/gems/actionpack-4.1.6/lib/action_dispatch/middleware/templates/routes/_route.html.erb (1.0ms)
  Rendered /Library/Ruby/Gems/2.0.0/gems/actionpack-4.1.6/lib/action_dispatch/middleware/templates/routes/_table.html.erb (4.1ms)
  Rendered /Library/Ruby/Gems/2.0.0/gems/actionpack-4.1.6/lib/action_dispatch/middleware/templates/rescues/routing_error.html.erb within rescues/layout (53.7ms)


Started GET "/about" for 127.0.0.1 at 2014-11-21 13:19:06 -0300

ActionController::RoutingError (No route matches [GET] "/about"):
  actionpack (4.1.6) lib/action_dispatch/middleware/debug_exceptions.rb:21:in `call'
  actionpack (4.1.6) lib/action_dispatch/middleware/show_exceptions.rb:30:in `call'
  railties (4.1.6) lib/rails/rack/logger.rb:38:in `call_app'
  railties (4.1.6) lib/rails/rack/logger.rb:20:in `block in call'
  activesupport (4.1.6) lib/active_support/tagged_logging.rb:68:in `block in tagged'
  activesupport (4.1.6) lib/active_support/tagged_logging.rb:26:in `tagged'
  activesupport (4.1.6) lib/active_support/tagged_logging.rb:68:in `tagged'
  railties (4.1.6) lib/rails/rack/logger.rb:20:in `call'
  actionpack (4.1.6) lib/action_dispatch/middleware/request_id.rb:21:in `call'
  rack (1.5.2) lib/rack/methodoverride.rb:21:in `call'
  rack (1.5.2) lib/rack/runtime.rb:17:in `call'
  activesupport (4.1.6) lib/active_support/cache/strategy/local_cache_middleware.rb:26:in `call'
  rack (1.5.2) lib/rack/lock.rb:17:in `call'
  actionpack (4.1.6) lib/action_dispatch/middleware/static.rb:64:in `call'
  rack (1.5.2) lib/rack/sendfile.rb:112:in `call'
  railties (4.1.6) lib/rails/engine.rb:514:in `call'
  railties (4.1.6) lib/rails/application.rb:144:in `call'
  rack (1.5.2) lib/rack/lock.rb:17:in `call'
  rack (1.5.2) lib/rack/content_length.rb:14:in `call'
  rack (1.5.2) lib/rack/handler/webrick.rb:60:in `service'
  /System/Library/Frameworks/Ruby.framework/Versions/2.0/usr/lib/ruby/2.0.0/webrick/httpserver.rb:138:in `service'
  /System/Library/Frameworks/Ruby.framework/Versions/2.0/usr/lib/ruby/2.0.0/webrick/httpserver.rb:94:in `run'
  /System/Library/Frameworks/Ruby.framework/Versions/2.0/usr/lib/ruby/2.0.0/webrick/server.rb:295:in `block in start_thread'


  Rendered /Library/Ruby/Gems/2.0.0/gems/actionpack-4.1.6/lib/action_dispatch/middleware/templates/rescues/_trace.html.erb (0.9ms)
  Rendered /Library/Ruby/Gems/2.0.0/gems/actionpack-4.1.6/lib/action_dispatch/middleware/templates/routes/_route.html.erb (0.7ms)
  Rendered /Library/Ruby/Gems/2.0.0/gems/actionpack-4.1.6/lib/action_dispatch/middleware/templates/routes/_table.html.erb (1.1ms)
  Rendered /Library/Ruby/Gems/2.0.0/gems/actionpack-4.1.6/lib/action_dispatch/middleware/templates/rescues/routing_error.html.erb within rescues/layout (13.9ms)


Started GET "/about" for 127.0.0.1 at 2014-11-21 13:19:11 -0300

ActionController::RoutingError (No route matches [GET] "/about"):
  actionpack (4.1.6) lib/action_dispatch/middleware/debug_exceptions.rb:21:in `call'
  actionpack (4.1.6) lib/action_dispatch/middleware/show_exceptions.rb:30:in `call'
  railties (4.1.6) lib/rails/rack/logger.rb:38:in `call_app'
  railties (4.1.6) lib/rails/rack/logger.rb:20:in `block in call'
  activesupport (4.1.6) lib/active_support/tagged_logging.rb:68:in `block in tagged'
  activesupport (4.1.6) lib/active_support/tagged_logging.rb:26:in `tagged'
  activesupport (4.1.6) lib/active_support/tagged_logging.rb:68:in `tagged'
  railties (4.1.6) lib/rails/rack/logger.rb:20:in `call'
  actionpack (4.1.6) lib/action_dispatch/middleware/request_id.rb:21:in `call'
  rack (1.5.2) lib/rack/methodoverride.rb:21:in `call'
  rack (1.5.2) lib/rack/runtime.rb:17:in `call'
  activesupport (4.1.6) lib/active_support/cache/strategy/local_cache_middleware.rb:26:in `call'
  rack (1.5.2) lib/rack/lock.rb:17:in `call'
  actionpack (4.1.6) lib/action_dispatch/middleware/static.rb:64:in `call'
  rack (1.5.2) lib/rack/sendfile.rb:112:in `call'
  railties (4.1.6) lib/rails/engine.rb:514:in `call'
  railties (4.1.6) lib/rails/application.rb:144:in `call'
  rack (1.5.2) lib/rack/lock.rb:17:in `call'
  rack (1.5.2) lib/rack/content_length.rb:14:in `call'
  rack (1.5.2) lib/rack/handler/webrick.rb:60:in `service'
  /System/Library/Frameworks/Ruby.framework/Versions/2.0/usr/lib/ruby/2.0.0/webrick/httpserver.rb:138:in `service'
  /System/Library/Frameworks/Ruby.framework/Versions/2.0/usr/lib/ruby/2.0.0/webrick/httpserver.rb:94:in `run'
  /System/Library/Frameworks/Ruby.framework/Versions/2.0/usr/lib/ruby/2.0.0/webrick/server.rb:295:in `block in start_thread'


  Rendered /Library/Ruby/Gems/2.0.0/gems/actionpack-4.1.6/lib/action_dispatch/middleware/templates/rescues/_trace.html.erb (0.8ms)
  Rendered /Library/Ruby/Gems/2.0.0/gems/actionpack-4.1.6/lib/action_dispatch/middleware/templates/routes/_route.html.erb (0.6ms)
  Rendered /Library/Ruby/Gems/2.0.0/gems/actionpack-4.1.6/lib/action_dispatch/middleware/templates/routes/_table.html.erb (0.8ms)
  Rendered /Library/Ruby/Gems/2.0.0/gems/actionpack-4.1.6/lib/action_dispatch/middleware/templates/rescues/routing_error.html.erb within rescues/layout (12.4ms)


Started GET "/static_pages/about" for 127.0.0.1 at 2014-11-21 13:19:16 -0300
Processing by StaticPagesController#about as HTML
  Rendered static_pages/about.html.erb within layouts/application (0.3ms)
Completed 200 OK in 47ms (Views: 46.2ms | ActiveRecord: 0.0ms)


Started GET "/assets/css_for_bootstrap.css?body=1" for 127.0.0.1 at 2014-11-21 13:19:16 -0300


Started GET "/assets/application.css?body=1" for 127.0.0.1 at 2014-11-21 13:19:16 -0300


Started GET "/assets/jquery.js?body=1" for 127.0.0.1 at 2014-11-21 13:19:16 -0300


Started GET "/assets/turbolinks.js?body=1" for 127.0.0.1 at 2014-11-21 13:19:16 -0300


Started GET "/assets/static_pages.css?body=1" for 127.0.0.1 at 2014-11-21 13:19:16 -0300


Started GET "/assets/jquery_ujs.js?body=1" for 127.0.0.1 at 2014-11-21 13:19:16 -0300


Started GET "/assets/static_pages.js?body=1" for 127.0.0.1 at 2014-11-21 13:19:16 -0300


Started GET "/assets/application.js?body=1" for 127.0.0.1 at 2014-11-21 13:19:16 -0300


Started GET "/static_pages/about" for 127.0.0.1 at 2014-11-21 13:20:13 -0300
Processing by StaticPagesController#about as HTML
  Rendered static_pages/about.html.erb within layouts/application (0.1ms)
Completed 200 OK in 48ms (Views: 47.0ms | ActiveRecord: 0.0ms)


Started GET "/assets/application.css?body=1" for 127.0.0.1 at 2014-11-21 13:20:13 -0300


Started GET "/assets/application.js?body=1" for 127.0.0.1 at 2014-11-21 13:20:13 -0300


Started GET "/assets/jquery_ujs.js?body=1" for 127.0.0.1 at 2014-11-21 13:20:13 -0300


Started GET "/assets/static_pages.css?body=1" for 127.0.0.1 at 2014-11-21 13:20:13 -0300


Started GET "/assets/turbolinks.js?body=1" for 127.0.0.1 at 2014-11-21 13:20:13 -0300


Started GET "/assets/jquery.js?body=1" for 127.0.0.1 at 2014-11-21 13:20:13 -0300


Started GET "/assets/static_pages.js?body=1" for 127.0.0.1 at 2014-11-21 13:20:13 -0300


Started GET "/assets/css_for_bootstrap.css?body=1" for 127.0.0.1 at 2014-11-21 13:20:13 -0300


Started GET "/static_pages/help" for 127.0.0.1 at 2014-11-21 13:20:15 -0300
Processing by StaticPagesController#help as HTML
  Rendered static_pages/help.html.erb within layouts/application (0.3ms)
Completed 200 OK in 51ms (Views: 50.4ms | ActiveRecord: 0.0ms)


Started GET "/assets/css_for_bootstrap.css?body=1" for 127.0.0.1 at 2014-11-21 13:20:15 -0300


Started GET "/assets/application.css?body=1" for 127.0.0.1 at 2014-11-21 13:20:15 -0300


Started GET "/assets/static_pages.js?body=1" for 127.0.0.1 at 2014-11-21 13:20:15 -0300


Started GET "/assets/jquery.js?body=1" for 127.0.0.1 at 2014-11-21 13:20:15 -0300


Started GET "/assets/turbolinks.js?body=1" for 127.0.0.1 at 2014-11-21 13:20:15 -0300


Started GET "/assets/static_pages.css?body=1" for 127.0.0.1 at 2014-11-21 13:20:15 -0300


Started GET "/assets/jquery_ujs.js?body=1" for 127.0.0.1 at 2014-11-21 13:20:15 -0300


Started GET "/assets/application.js?body=1" for 127.0.0.1 at 2014-11-21 13:20:15 -0300


Started GET "/static_pages/help" for 127.0.0.1 at 2014-11-21 13:25:17 -0300

ActionController::RoutingError (No route matches [GET] "/static_pages/help"):
  actionpack (4.1.6) lib/action_dispatch/middleware/debug_exceptions.rb:21:in `call'
  actionpack (4.1.6) lib/action_dispatch/middleware/show_exceptions.rb:30:in `call'
  railties (4.1.6) lib/rails/rack/logger.rb:38:in `call_app'
  railties (4.1.6) lib/rails/rack/logger.rb:20:in `block in call'
  activesupport (4.1.6) lib/active_support/tagged_logging.rb:68:in `block in tagged'
  activesupport (4.1.6) lib/active_support/tagged_logging.rb:26:in `tagged'
  activesupport (4.1.6) lib/active_support/tagged_logging.rb:68:in `tagged'
  railties (4.1.6) lib/rails/rack/logger.rb:20:in `call'
  actionpack (4.1.6) lib/action_dispatch/middleware/request_id.rb:21:in `call'
  rack (1.5.2) lib/rack/methodoverride.rb:21:in `call'
  rack (1.5.2) lib/rack/runtime.rb:17:in `call'
  activesupport (4.1.6) lib/active_support/cache/strategy/local_cache_middleware.rb:26:in `call'
  rack (1.5.2) lib/rack/lock.rb:17:in `call'
  actionpack (4.1.6) lib/action_dispatch/middleware/static.rb:64:in `call'
  rack (1.5.2) lib/rack/sendfile.rb:112:in `call'
  railties (4.1.6) lib/rails/engine.rb:514:in `call'
  railties (4.1.6) lib/rails/application.rb:144:in `call'
  rack (1.5.2) lib/rack/lock.rb:17:in `call'
  rack (1.5.2) lib/rack/content_length.rb:14:in `call'
  rack (1.5.2) lib/rack/handler/webrick.rb:60:in `service'
  /System/Library/Frameworks/Ruby.framework/Versions/2.0/usr/lib/ruby/2.0.0/webrick/httpserver.rb:138:in `service'
  /System/Library/Frameworks/Ruby.framework/Versions/2.0/usr/lib/ruby/2.0.0/webrick/httpserver.rb:94:in `run'
  /System/Library/Frameworks/Ruby.framework/Versions/2.0/usr/lib/ruby/2.0.0/webrick/server.rb:295:in `block in start_thread'


  Rendered /Library/Ruby/Gems/2.0.0/gems/actionpack-4.1.6/lib/action_dispatch/middleware/templates/rescues/_trace.html.erb (1.0ms)
  Rendered /Library/Ruby/Gems/2.0.0/gems/actionpack-4.1.6/lib/action_dispatch/middleware/templates/routes/_route.html.erb (0.7ms)
  Rendered /Library/Ruby/Gems/2.0.0/gems/actionpack-4.1.6/lib/action_dispatch/middleware/templates/routes/_table.html.erb (0.9ms)
  Rendered /Library/Ruby/Gems/2.0.0/gems/actionpack-4.1.6/lib/action_dispatch/middleware/templates/rescues/routing_error.html.erb within rescues/layout (13.5ms)


Started GET "/help" for 127.0.0.1 at 2014-11-21 13:25:22 -0300
Processing by StaticPagesController#help as HTML
  Rendered static_pages/help.html.erb within layouts/application (0.1ms)
Completed 200 OK in 110ms (Views: 108.7ms | ActiveRecord: 0.0ms)


Started GET "/assets/css_for_bootstrap.css?body=1" for 127.0.0.1 at 2014-11-21 13:25:22 -0300


Started GET "/assets/application.css?body=1" for 127.0.0.1 at 2014-11-21 13:25:23 -0300


Started GET "/assets/static_pages.css?body=1" for 127.0.0.1 at 2014-11-21 13:25:23 -0300


Started GET "/assets/turbolinks.js?body=1" for 127.0.0.1 at 2014-11-21 13:25:23 -0300


Started GET "/assets/jquery_ujs.js?body=1" for 127.0.0.1 at 2014-11-21 13:25:23 -0300


Started GET "/assets/jquery.js?body=1" for 127.0.0.1 at 2014-11-21 13:25:23 -0300


Started GET "/assets/static_pages.js?body=1" for 127.0.0.1 at 2014-11-21 13:25:23 -0300


Started GET "/assets/application.js?body=1" for 127.0.0.1 at 2014-11-21 13:25:23 -0300


Started GET "/help" for 127.0.0.1 at 2014-11-21 13:26:56 -0300
Processing by StaticPagesController#help as HTML
  Rendered static_pages/help.html.erb within layouts/application (0.0ms)
Completed 200 OK in 40ms (Views: 39.7ms | ActiveRecord: 0.0ms)


Started GET "/assets/application.css?body=1" for 127.0.0.1 at 2014-11-21 13:26:56 -0300


Started GET "/assets/jquery_ujs.js?body=1" for 127.0.0.1 at 2014-11-21 13:26:56 -0300


Started GET "/assets/turbolinks.js?body=1" for 127.0.0.1 at 2014-11-21 13:26:56 -0300


Started GET "/assets/static_pages.js?body=1" for 127.0.0.1 at 2014-11-21 13:26:56 -0300


Started GET "/assets/css_for_bootstrap.css?body=1" for 127.0.0.1 at 2014-11-21 13:26:56 -0300


Started GET "/assets/static_pages.css?body=1" for 127.0.0.1 at 2014-11-21 13:26:56 -0300


Started GET "/assets/application.js?body=1" for 127.0.0.1 at 2014-11-21 13:26:56 -0300


Started GET "/assets/jquery.js?body=1" for 127.0.0.1 at 2014-11-21 13:26:56 -0300


Started GET "/home" for 127.0.0.1 at 2014-11-21 13:26:58 -0300

ActionController::RoutingError (No route matches [GET] "/home"):
  actionpack (4.1.6) lib/action_dispatch/middleware/debug_exceptions.rb:21:in `call'
  actionpack (4.1.6) lib/action_dispatch/middleware/show_exceptions.rb:30:in `call'
  railties (4.1.6) lib/rails/rack/logger.rb:38:in `call_app'
  railties (4.1.6) lib/rails/rack/logger.rb:20:in `block in call'
  activesupport (4.1.6) lib/active_support/tagged_logging.rb:68:in `block in tagged'
  activesupport (4.1.6) lib/active_support/tagged_logging.rb:26:in `tagged'
  activesupport (4.1.6) lib/active_support/tagged_logging.rb:68:in `tagged'
  railties (4.1.6) lib/rails/rack/logger.rb:20:in `call'
  actionpack (4.1.6) lib/action_dispatch/middleware/request_id.rb:21:in `call'
  rack (1.5.2) lib/rack/methodoverride.rb:21:in `call'
  rack (1.5.2) lib/rack/runtime.rb:17:in `call'
  activesupport (4.1.6) lib/active_support/cache/strategy/local_cache_middleware.rb:26:in `call'
  rack (1.5.2) lib/rack/lock.rb:17:in `call'
  actionpack (4.1.6) lib/action_dispatch/middleware/static.rb:64:in `call'
  rack (1.5.2) lib/rack/sendfile.rb:112:in `call'
  railties (4.1.6) lib/rails/engine.rb:514:in `call'
  railties (4.1.6) lib/rails/application.rb:144:in `call'
  rack (1.5.2) lib/rack/lock.rb:17:in `call'
  rack (1.5.2) lib/rack/content_length.rb:14:in `call'
  rack (1.5.2) lib/rack/handler/webrick.rb:60:in `service'
  /System/Library/Frameworks/Ruby.framework/Versions/2.0/usr/lib/ruby/2.0.0/webrick/httpserver.rb:138:in `service'
  /System/Library/Frameworks/Ruby.framework/Versions/2.0/usr/lib/ruby/2.0.0/webrick/httpserver.rb:94:in `run'
  /System/Library/Frameworks/Ruby.framework/Versions/2.0/usr/lib/ruby/2.0.0/webrick/server.rb:295:in `block in start_thread'


  Rendered /Library/Ruby/Gems/2.0.0/gems/actionpack-4.1.6/lib/action_dispatch/middleware/templates/rescues/_trace.html.erb (0.8ms)
  Rendered /Library/Ruby/Gems/2.0.0/gems/actionpack-4.1.6/lib/action_dispatch/middleware/templates/routes/_route.html.erb (0.8ms)
  Rendered /Library/Ruby/Gems/2.0.0/gems/actionpack-4.1.6/lib/action_dispatch/middleware/templates/routes/_table.html.erb (0.8ms)
  Rendered /Library/Ruby/Gems/2.0.0/gems/actionpack-4.1.6/lib/action_dispatch/middleware/templates/rescues/routing_error.html.erb within rescues/layout (13.1ms)


Started GET "/home" for 127.0.0.1 at 2014-11-21 13:27:00 -0300

ActionController::RoutingError (No route matches [GET] "/home"):
  actionpack (4.1.6) lib/action_dispatch/middleware/debug_exceptions.rb:21:in `call'
  actionpack (4.1.6) lib/action_dispatch/middleware/show_exceptions.rb:30:in `call'
  railties (4.1.6) lib/rails/rack/logger.rb:38:in `call_app'
  railties (4.1.6) lib/rails/rack/logger.rb:20:in `block in call'
  activesupport (4.1.6) lib/active_support/tagged_logging.rb:68:in `block in tagged'
  activesupport (4.1.6) lib/active_support/tagged_logging.rb:26:in `tagged'
  activesupport (4.1.6) lib/active_support/tagged_logging.rb:68:in `tagged'
  railties (4.1.6) lib/rails/rack/logger.rb:20:in `call'
  actionpack (4.1.6) lib/action_dispatch/middleware/request_id.rb:21:in `call'
  rack (1.5.2) lib/rack/methodoverride.rb:21:in `call'
  rack (1.5.2) lib/rack/runtime.rb:17:in `call'
  activesupport (4.1.6) lib/active_support/cache/strategy/local_cache_middleware.rb:26:in `call'
  rack (1.5.2) lib/rack/lock.rb:17:in `call'
  actionpack (4.1.6) lib/action_dispatch/middleware/static.rb:64:in `call'
  rack (1.5.2) lib/rack/sendfile.rb:112:in `call'
  railties (4.1.6) lib/rails/engine.rb:514:in `call'
  railties (4.1.6) lib/rails/application.rb:144:in `call'
  rack (1.5.2) lib/rack/lock.rb:17:in `call'
  rack (1.5.2) lib/rack/content_length.rb:14:in `call'
  rack (1.5.2) lib/rack/handler/webrick.rb:60:in `service'
  /System/Library/Frameworks/Ruby.framework/Versions/2.0/usr/lib/ruby/2.0.0/webrick/httpserver.rb:138:in `service'
  /System/Library/Frameworks/Ruby.framework/Versions/2.0/usr/lib/ruby/2.0.0/webrick/httpserver.rb:94:in `run'
  /System/Library/Frameworks/Ruby.framework/Versions/2.0/usr/lib/ruby/2.0.0/webrick/server.rb:295:in `block in start_thread'


  Rendered /Library/Ruby/Gems/2.0.0/gems/actionpack-4.1.6/lib/action_dispatch/middleware/templates/rescues/_trace.html.erb (0.8ms)
  Rendered /Library/Ruby/Gems/2.0.0/gems/actionpack-4.1.6/lib/action_dispatch/middleware/templates/routes/_route.html.erb (0.9ms)
  Rendered /Library/Ruby/Gems/2.0.0/gems/actionpack-4.1.6/lib/action_dispatch/middleware/templates/routes/_table.html.erb (0.8ms)
  Rendered /Library/Ruby/Gems/2.0.0/gems/actionpack-4.1.6/lib/action_dispatch/middleware/templates/rescues/routing_error.html.erb within rescues/layout (13.3ms)


Started GET "/help" for 127.0.0.1 at 2014-11-21 13:27:01 -0300
Processing by StaticPagesController#help as HTML
  Rendered static_pages/help.html.erb within layouts/application (0.0ms)
Completed 200 OK in 50ms (Views: 49.5ms | ActiveRecord: 0.0ms)


Started GET "/" for 127.0.0.1 at 2014-11-21 13:27:01 -0300
Processing by StaticPagesController#home as HTML
  Rendered static_pages/home.html.erb within layouts/application (0.3ms)
Completed 200 OK in 40ms (Views: 40.0ms | ActiveRecord: 0.0ms)


Started GET "/assets/application.css?body=1" for 127.0.0.1 at 2014-11-21 13:27:01 -0300


Started GET "/assets/jquery_ujs.js?body=1" for 127.0.0.1 at 2014-11-21 13:27:01 -0300


Started GET "/assets/turbolinks.js?body=1" for 127.0.0.1 at 2014-11-21 13:27:01 -0300


Started GET "/assets/static_pages.css?body=1" for 127.0.0.1 at 2014-11-21 13:27:01 -0300


Started GET "/assets/static_pages.js?body=1" for 127.0.0.1 at 2014-11-21 13:27:01 -0300


Started GET "/assets/application.js?body=1" for 127.0.0.1 at 2014-11-21 13:27:01 -0300


Started GET "/assets/css_for_bootstrap.css?body=1" for 127.0.0.1 at 2014-11-21 13:27:01 -0300


Started GET "/assets/jquery.js?body=1" for 127.0.0.1 at 2014-11-21 13:27:01 -0300


Started GET "/..." for 127.0.0.1 at 2014-11-21 13:27:01 -0300

ActionController::RoutingError (No route matches [GET] "/..."):
  actionpack (4.1.6) lib/action_dispatch/middleware/debug_exceptions.rb:21:in `call'
  actionpack (4.1.6) lib/action_dispatch/middleware/show_exceptions.rb:30:in `call'
  railties (4.1.6) lib/rails/rack/logger.rb:38:in `call_app'
  railties (4.1.6) lib/rails/rack/logger.rb:20:in `block in call'
  activesupport (4.1.6) lib/active_support/tagged_logging.rb:68:in `block in tagged'
  activesupport (4.1.6) lib/active_support/tagged_logging.rb:26:in `tagged'
  activesupport (4.1.6) lib/active_support/tagged_logging.rb:68:in `tagged'
  railties (4.1.6) lib/rails/rack/logger.rb:20:in `call'
  actionpack (4.1.6) lib/action_dispatch/middleware/request_id.rb:21:in `call'
  rack (1.5.2) lib/rack/methodoverride.rb:21:in `call'
  rack (1.5.2) lib/rack/runtime.rb:17:in `call'
  activesupport (4.1.6) lib/active_support/cache/strategy/local_cache_middleware.rb:26:in `call'
  rack (1.5.2) lib/rack/lock.rb:17:in `call'
  actionpack (4.1.6) lib/action_dispatch/middleware/static.rb:64:in `call'
  rack (1.5.2) lib/rack/sendfile.rb:112:in `call'
  railties (4.1.6) lib/rails/engine.rb:514:in `call'
  railties (4.1.6) lib/rails/application.rb:144:in `call'
  rack (1.5.2) lib/rack/lock.rb:17:in `call'
  rack (1.5.2) lib/rack/content_length.rb:14:in `call'
  rack (1.5.2) lib/rack/handler/webrick.rb:60:in `service'
  /System/Library/Frameworks/Ruby.framework/Versions/2.0/usr/lib/ruby/2.0.0/webrick/httpserver.rb:138:in `service'
  /System/Library/Frameworks/Ruby.framework/Versions/2.0/usr/lib/ruby/2.0.0/webrick/httpserver.rb:94:in `run'
  /System/Library/Frameworks/Ruby.framework/Versions/2.0/usr/lib/ruby/2.0.0/webrick/server.rb:295:in `block in start_thread'


  Rendered /Library/Ruby/Gems/2.0.0/gems/actionpack-4.1.6/lib/action_dispatch/middleware/templates/rescues/_trace.html.erb (1.2ms)
  Rendered /Library/Ruby/Gems/2.0.0/gems/actionpack-4.1.6/lib/action_dispatch/middleware/templates/routes/_route.html.erb (1.3ms)
  Rendered /Library/Ruby/Gems/2.0.0/gems/actionpack-4.1.6/lib/action_dispatch/middleware/templates/routes/_table.html.erb (1.4ms)
  Rendered /Library/Ruby/Gems/2.0.0/gems/actionpack-4.1.6/lib/action_dispatch/middleware/templates/rescues/routing_error.html.erb within rescues/layout (22.4ms)


Started GET "/" for 127.0.0.1 at 2014-11-21 13:27:01 -0300
Processing by StaticPagesController#home as HTML
  Rendered static_pages/home.html.erb within layouts/application (0.1ms)
Completed 200 OK in 55ms (Views: 54.8ms | ActiveRecord: 0.0ms)


Started GET "/assets/bootstrap/glyphicons-halflings-regular.woff" for 127.0.0.1 at 2014-11-21 13:27:01 -0300


Started GET "/assets/css_for_bootstrap.css?body=1" for 127.0.0.1 at 2014-11-21 13:27:01 -0300


Started GET "/assets/application.css?body=1" for 127.0.0.1 at 2014-11-21 13:27:01 -0300


Started GET "/assets/turbolinks.js?body=1" for 127.0.0.1 at 2014-11-21 13:27:01 -0300


Started GET "/assets/static_pages.css?body=1" for 127.0.0.1 at 2014-11-21 13:27:01 -0300


Started GET "/assets/jquery.js?body=1" for 127.0.0.1 at 2014-11-21 13:27:01 -0300


Started GET "/assets/jquery_ujs.js?body=1" for 127.0.0.1 at 2014-11-21 13:27:01 -0300


Started GET "/assets/static_pages.js?body=1" for 127.0.0.1 at 2014-11-21 13:27:01 -0300


Started GET "/assets/application.js?body=1" for 127.0.0.1 at 2014-11-21 13:27:01 -0300


Started GET "/..." for 127.0.0.1 at 2014-11-21 13:27:01 -0300

ActionController::RoutingError (No route matches [GET] "/..."):
  actionpack (4.1.6) lib/action_dispatch/middleware/debug_exceptions.rb:21:in `call'
  actionpack (4.1.6) lib/action_dispatch/middleware/show_exceptions.rb:30:in `call'
  railties (4.1.6) lib/rails/rack/logger.rb:38:in `call_app'
  railties (4.1.6) lib/rails/rack/logger.rb:20:in `block in call'
  activesupport (4.1.6) lib/active_support/tagged_logging.rb:68:in `block in tagged'
  activesupport (4.1.6) lib/active_support/tagged_logging.rb:26:in `tagged'
  activesupport (4.1.6) lib/active_support/tagged_logging.rb:68:in `tagged'
  railties (4.1.6) lib/rails/rack/logger.rb:20:in `call'
  actionpack (4.1.6) lib/action_dispatch/middleware/request_id.rb:21:in `call'
  rack (1.5.2) lib/rack/methodoverride.rb:21:in `call'
  rack (1.5.2) lib/rack/runtime.rb:17:in `call'
  activesupport (4.1.6) lib/active_support/cache/strategy/local_cache_middleware.rb:26:in `call'
  rack (1.5.2) lib/rack/lock.rb:17:in `call'
  actionpack (4.1.6) lib/action_dispatch/middleware/static.rb:64:in `call'
  rack (1.5.2) lib/rack/sendfile.rb:112:in `call'
  railties (4.1.6) lib/rails/engine.rb:514:in `call'
  railties (4.1.6) lib/rails/application.rb:144:in `call'
  rack (1.5.2) lib/rack/lock.rb:17:in `call'
  rack (1.5.2) lib/rack/content_length.rb:14:in `call'
  rack (1.5.2) lib/rack/handler/webrick.rb:60:in `service'
  /System/Library/Frameworks/Ruby.framework/Versions/2.0/usr/lib/ruby/2.0.0/webrick/httpserver.rb:138:in `service'
  /System/Library/Frameworks/Ruby.framework/Versions/2.0/usr/lib/ruby/2.0.0/webrick/httpserver.rb:94:in `run'
  /System/Library/Frameworks/Ruby.framework/Versions/2.0/usr/lib/ruby/2.0.0/webrick/server.rb:295:in `block in start_thread'


  Rendered /Library/Ruby/Gems/2.0.0/gems/actionpack-4.1.6/lib/action_dispatch/middleware/templates/rescues/_trace.html.erb (1.3ms)
  Rendered /Library/Ruby/Gems/2.0.0/gems/actionpack-4.1.6/lib/action_dispatch/middleware/templates/routes/_route.html.erb (1.1ms)
  Rendered /Library/Ruby/Gems/2.0.0/gems/actionpack-4.1.6/lib/action_dispatch/middleware/templates/routes/_table.html.erb (1.3ms)
  Rendered /Library/Ruby/Gems/2.0.0/gems/actionpack-4.1.6/lib/action_dispatch/middleware/templates/rescues/routing_error.html.erb within rescues/layout (18.8ms)


Started GET "/assets/bootstrap/glyphicons-halflings-regular.woff" for 127.0.0.1 at 2014-11-21 13:27:01 -0300


Started GET "/" for 127.0.0.1 at 2014-11-21 14:03:37 -0300
Processing by StaticPagesController#home as HTML
  Rendered static_pages/home.html.erb within layouts/application (0.1ms)
Completed 200 OK in 206ms (Views: 205.6ms | ActiveRecord: 0.0ms)


Started GET "/assets/css_for_bootstrap.css?body=1" for 127.0.0.1 at 2014-11-21 14:03:38 -0300


Started GET "/assets/bootstrap/affix.js?body=1" for 127.0.0.1 at 2014-11-21 14:03:38 -0300


Started GET "/assets/static_pages.css?body=1" for 127.0.0.1 at 2014-11-21 14:03:38 -0300


Started GET "/assets/bootstrap/button.js?body=1" for 127.0.0.1 at 2014-11-21 14:03:38 -0300


Started GET "/assets/bootstrap/carousel.js?body=1" for 127.0.0.1 at 2014-11-21 14:03:38 -0300


Started GET "/assets/bootstrap/collapse.js?body=1" for 127.0.0.1 at 2014-11-21 14:03:38 -0300


Started GET "/assets/application.css?body=1" for 127.0.0.1 at 2014-11-21 14:03:38 -0300


Started GET "/assets/bootstrap/transition.js?body=1" for 127.0.0.1 at 2014-11-21 14:03:38 -0300


Started GET "/assets/bootstrap/tab.js?body=1" for 127.0.0.1 at 2014-11-21 14:03:38 -0300


Started GET "/assets/bootstrap/scrollspy.js?body=1" for 127.0.0.1 at 2014-11-21 14:03:38 -0300


Started GET "/assets/bootstrap/modal.js?body=1" for 127.0.0.1 at 2014-11-21 14:03:38 -0300


Started GET "/assets/bootstrap/tooltip.js?body=1" for 127.0.0.1 at 2014-11-21 14:03:38 -0300


Started GET "/assets/bootstrap/popover.js?body=1" for 127.0.0.1 at 2014-11-21 14:03:38 -0300


Started GET "/assets/bootstrap-sprockets.js?body=1" for 127.0.0.1 at 2014-11-21 14:03:38 -0300


Started GET "/assets/jquery.js?body=1" for 127.0.0.1 at 2014-11-21 14:03:38 -0300


Started GET "/assets/jquery_ujs.js?body=1" for 127.0.0.1 at 2014-11-21 14:03:38 -0300


Started GET "/assets/turbolinks.js?body=1" for 127.0.0.1 at 2014-11-21 14:03:38 -0300


Started GET "/assets/bootstrap/alert.js?body=1" for 127.0.0.1 at 2014-11-21 14:03:38 -0300


Started GET "/assets/bootstrap/dropdown.js?body=1" for 127.0.0.1 at 2014-11-21 14:03:38 -0300


Started GET "/assets/static_pages.js?body=1" for 127.0.0.1 at 2014-11-21 14:03:38 -0300


Started GET "/assets/application.js?body=1" for 127.0.0.1 at 2014-11-21 14:03:38 -0300


Started GET "/..." for 127.0.0.1 at 2014-11-21 14:03:38 -0300

ActionController::RoutingError (No route matches [GET] "/..."):
  actionpack (4.1.6) lib/action_dispatch/middleware/debug_exceptions.rb:21:in `call'
  actionpack (4.1.6) lib/action_dispatch/middleware/show_exceptions.rb:30:in `call'
  railties (4.1.6) lib/rails/rack/logger.rb:38:in `call_app'
  railties (4.1.6) lib/rails/rack/logger.rb:20:in `block in call'
  activesupport (4.1.6) lib/active_support/tagged_logging.rb:68:in `block in tagged'
  activesupport (4.1.6) lib/active_support/tagged_logging.rb:26:in `tagged'
  activesupport (4.1.6) lib/active_support/tagged_logging.rb:68:in `tagged'
  railties (4.1.6) lib/rails/rack/logger.rb:20:in `call'
  actionpack (4.1.6) lib/action_dispatch/middleware/request_id.rb:21:in `call'
  rack (1.5.2) lib/rack/methodoverride.rb:21:in `call'
  rack (1.5.2) lib/rack/runtime.rb:17:in `call'
  activesupport (4.1.6) lib/active_support/cache/strategy/local_cache_middleware.rb:26:in `call'
  rack (1.5.2) lib/rack/lock.rb:17:in `call'
  actionpack (4.1.6) lib/action_dispatch/middleware/static.rb:64:in `call'
  rack (1.5.2) lib/rack/sendfile.rb:112:in `call'
  railties (4.1.6) lib/rails/engine.rb:514:in `call'
  railties (4.1.6) lib/rails/application.rb:144:in `call'
  rack (1.5.2) lib/rack/lock.rb:17:in `call'
  rack (1.5.2) lib/rack/content_length.rb:14:in `call'
  rack (1.5.2) lib/rack/handler/webrick.rb:60:in `service'
  /System/Library/Frameworks/Ruby.framework/Versions/2.0/usr/lib/ruby/2.0.0/webrick/httpserver.rb:138:in `service'
  /System/Library/Frameworks/Ruby.framework/Versions/2.0/usr/lib/ruby/2.0.0/webrick/httpserver.rb:94:in `run'
  /System/Library/Frameworks/Ruby.framework/Versions/2.0/usr/lib/ruby/2.0.0/webrick/server.rb:295:in `block in start_thread'


  Rendered /Library/Ruby/Gems/2.0.0/gems/actionpack-4.1.6/lib/action_dispatch/middleware/templates/rescues/_trace.html.erb (1.2ms)
  Rendered /Library/Ruby/Gems/2.0.0/gems/actionpack-4.1.6/lib/action_dispatch/middleware/templates/routes/_route.html.erb (1.3ms)
  Rendered /Library/Ruby/Gems/2.0.0/gems/actionpack-4.1.6/lib/action_dispatch/middleware/templates/routes/_table.html.erb (1.5ms)
  Rendered /Library/Ruby/Gems/2.0.0/gems/actionpack-4.1.6/lib/action_dispatch/middleware/templates/rescues/routing_error.html.erb within rescues/layout (18.1ms)


Started GET "/assets/bootstrap/glyphicons-halflings-regular.woff" for 127.0.0.1 at 2014-11-21 14:03:38 -0300


Started GET "/" for 127.0.0.1 at 2014-11-21 14:03:39 -0300
Processing by StaticPagesController#home as HTML
  Rendered static_pages/home.html.erb within layouts/application (0.1ms)
Completed 200 OK in 176ms (Views: 175.3ms | ActiveRecord: 0.0ms)


Started GET "/assets/css_for_bootstrap.css?body=1" for 127.0.0.1 at 2014-11-21 14:03:40 -0300


Started GET "/assets/bootstrap/affix.js?body=1" for 127.0.0.1 at 2014-11-21 14:03:40 -0300


Started GET "/assets/jquery_ujs.js?body=1" for 127.0.0.1 at 2014-11-21 14:03:40 -0300


Started GET "/assets/static_pages.css?body=1" for 127.0.0.1 at 2014-11-21 14:03:40 -0300


Started GET "/assets/jquery.js?body=1" for 127.0.0.1 at 2014-11-21 14:03:40 -0300


Started GET "/assets/bootstrap/alert.js?body=1" for 127.0.0.1 at 2014-11-21 14:03:40 -0300


Started GET "/assets/turbolinks.js?body=1" for 127.0.0.1 at 2014-11-21 14:03:40 -0300


Started GET "/assets/bootstrap/collapse.js?body=1" for 127.0.0.1 at 2014-11-21 14:03:40 -0300


Started GET "/assets/application.css?body=1" for 127.0.0.1 at 2014-11-21 14:03:40 -0300


Started GET "/assets/bootstrap/tab.js?body=1" for 127.0.0.1 at 2014-11-21 14:03:40 -0300


Started GET "/assets/bootstrap/scrollspy.js?body=1" for 127.0.0.1 at 2014-11-21 14:03:40 -0300


Started GET "/assets/bootstrap/button.js?body=1" for 127.0.0.1 at 2014-11-21 14:03:40 -0300


Started GET "/assets/bootstrap-sprockets.js?body=1" for 127.0.0.1 at 2014-11-21 14:03:40 -0300


Started GET "/assets/bootstrap/dropdown.js?body=1" for 127.0.0.1 at 2014-11-21 14:03:40 -0300


Started GET "/assets/bootstrap/transition.js?body=1" for 127.0.0.1 at 2014-11-21 14:03:40 -0300


Started GET "/assets/bootstrap/modal.js?body=1" for 127.0.0.1 at 2014-11-21 14:03:40 -0300


Started GET "/assets/bootstrap/carousel.js?body=1" for 127.0.0.1 at 2014-11-21 14:03:40 -0300


Started GET "/assets/static_pages.js?body=1" for 127.0.0.1 at 2014-11-21 14:03:40 -0300


Started GET "/assets/application.js?body=1" for 127.0.0.1 at 2014-11-21 14:03:40 -0300


Started GET "/assets/bootstrap/tooltip.js?body=1" for 127.0.0.1 at 2014-11-21 14:03:40 -0300


Started GET "/assets/bootstrap/popover.js?body=1" for 127.0.0.1 at 2014-11-21 14:03:40 -0300


Started GET "/..." for 127.0.0.1 at 2014-11-21 14:03:40 -0300

ActionController::RoutingError (No route matches [GET] "/..."):
  actionpack (4.1.6) lib/action_dispatch/middleware/debug_exceptions.rb:21:in `call'
  actionpack (4.1.6) lib/action_dispatch/middleware/show_exceptions.rb:30:in `call'
  railties (4.1.6) lib/rails/rack/logger.rb:38:in `call_app'
  railties (4.1.6) lib/rails/rack/logger.rb:20:in `block in call'
  activesupport (4.1.6) lib/active_support/tagged_logging.rb:68:in `block in tagged'
  activesupport (4.1.6) lib/active_support/tagged_logging.rb:26:in `tagged'
  activesupport (4.1.6) lib/active_support/tagged_logging.rb:68:in `tagged'
  railties (4.1.6) lib/rails/rack/logger.rb:20:in `call'
  actionpack (4.1.6) lib/action_dispatch/middleware/request_id.rb:21:in `call'
  rack (1.5.2) lib/rack/methodoverride.rb:21:in `call'
  rack (1.5.2) lib/rack/runtime.rb:17:in `call'
  activesupport (4.1.6) lib/active_support/cache/strategy/local_cache_middleware.rb:26:in `call'
  rack (1.5.2) lib/rack/lock.rb:17:in `call'
  actionpack (4.1.6) lib/action_dispatch/middleware/static.rb:64:in `call'
  rack (1.5.2) lib/rack/sendfile.rb:112:in `call'
  railties (4.1.6) lib/rails/engine.rb:514:in `call'
  railties (4.1.6) lib/rails/application.rb:144:in `call'
  rack (1.5.2) lib/rack/lock.rb:17:in `call'
  rack (1.5.2) lib/rack/content_length.rb:14:in `call'
  rack (1.5.2) lib/rack/handler/webrick.rb:60:in `service'
  /System/Library/Frameworks/Ruby.framework/Versions/2.0/usr/lib/ruby/2.0.0/webrick/httpserver.rb:138:in `service'
  /System/Library/Frameworks/Ruby.framework/Versions/2.0/usr/lib/ruby/2.0.0/webrick/httpserver.rb:94:in `run'
  /System/Library/Frameworks/Ruby.framework/Versions/2.0/usr/lib/ruby/2.0.0/webrick/server.rb:295:in `block in start_thread'


  Rendered /Library/Ruby/Gems/2.0.0/gems/actionpack-4.1.6/lib/action_dispatch/middleware/templates/rescues/_trace.html.erb (0.9ms)
  Rendered /Library/Ruby/Gems/2.0.0/gems/actionpack-4.1.6/lib/action_dispatch/middleware/templates/routes/_route.html.erb (0.6ms)
  Rendered /Library/Ruby/Gems/2.0.0/gems/actionpack-4.1.6/lib/action_dispatch/middleware/templates/routes/_table.html.erb (1.0ms)
  Rendered /Library/Ruby/Gems/2.0.0/gems/actionpack-4.1.6/lib/action_dispatch/middleware/templates/rescues/routing_error.html.erb within rescues/layout (14.1ms)


Started GET "/" for 127.0.0.1 at 2014-11-21 14:04:13 -0300
Processing by StaticPagesController#home as HTML
  Rendered static_pages/home.html.erb within layouts/application (1.2ms)
Completed 200 OK in 266ms (Views: 250.5ms | ActiveRecord: 0.0ms)


Started GET "/assets/css_for_bootstrap.css?body=1" for 127.0.0.1 at 2014-11-21 14:04:14 -0300


Started GET "/assets/static_pages.css?body=1" for 127.0.0.1 at 2014-11-21 14:04:14 -0300


Started GET "/assets/jquery_ujs.js?body=1" for 127.0.0.1 at 2014-11-21 14:04:14 -0300


Started GET "/assets/turbolinks.js?body=1" for 127.0.0.1 at 2014-11-21 14:04:14 -0300


Started GET "/assets/application.css?body=1" for 127.0.0.1 at 2014-11-21 14:04:14 -0300


Started GET "/assets/jquery.js?body=1" for 127.0.0.1 at 2014-11-21 14:04:14 -0300


Started GET "/assets/bootstrap/affix.js?body=1" for 127.0.0.1 at 2014-11-21 14:04:14 -0300


Started GET "/assets/bootstrap/button.js?body=1" for 127.0.0.1 at 2014-11-21 14:04:14 -0300


Started GET "/assets/bootstrap/collapse.js?body=1" for 127.0.0.1 at 2014-11-21 14:04:14 -0300


Started GET "/assets/bootstrap/tab.js?body=1" for 127.0.0.1 at 2014-11-21 14:04:14 -0300


Started GET "/assets/bootstrap/scrollspy.js?body=1" for 127.0.0.1 at 2014-11-21 14:04:14 -0300


Started GET "/assets/bootstrap/tooltip.js?body=1" for 127.0.0.1 at 2014-11-21 14:04:14 -0300


Started GET "/assets/bootstrap/alert.js?body=1" for 127.0.0.1 at 2014-11-21 14:04:14 -0300


Started GET "/assets/bootstrap/carousel.js?body=1" for 127.0.0.1 at 2014-11-21 14:04:14 -0300


Started GET "/assets/bootstrap/dropdown.js?body=1" for 127.0.0.1 at 2014-11-21 14:04:14 -0300


Started GET "/assets/bootstrap/modal.js?body=1" for 127.0.0.1 at 2014-11-21 14:04:14 -0300


Started GET "/assets/bootstrap/transition.js?body=1" for 127.0.0.1 at 2014-11-21 14:04:14 -0300


Started GET "/assets/bootstrap/popover.js?body=1" for 127.0.0.1 at 2014-11-21 14:04:14 -0300


Started GET "/assets/bootstrap-sprockets.js?body=1" for 127.0.0.1 at 2014-11-21 14:04:14 -0300


Started GET "/assets/application.js?body=1" for 127.0.0.1 at 2014-11-21 14:04:14 -0300


Started GET "/assets/static_pages.js?body=1" for 127.0.0.1 at 2014-11-21 14:04:14 -0300


Started GET "/..." for 127.0.0.1 at 2014-11-21 14:04:14 -0300

ActionController::RoutingError (No route matches [GET] "/..."):
  actionpack (4.1.6) lib/action_dispatch/middleware/debug_exceptions.rb:21:in `call'
  actionpack (4.1.6) lib/action_dispatch/middleware/show_exceptions.rb:30:in `call'
  railties (4.1.6) lib/rails/rack/logger.rb:38:in `call_app'
  railties (4.1.6) lib/rails/rack/logger.rb:20:in `block in call'
  activesupport (4.1.6) lib/active_support/tagged_logging.rb:68:in `block in tagged'
  activesupport (4.1.6) lib/active_support/tagged_logging.rb:26:in `tagged'
  activesupport (4.1.6) lib/active_support/tagged_logging.rb:68:in `tagged'
  railties (4.1.6) lib/rails/rack/logger.rb:20:in `call'
  actionpack (4.1.6) lib/action_dispatch/middleware/request_id.rb:21:in `call'
  rack (1.5.2) lib/rack/methodoverride.rb:21:in `call'
  rack (1.5.2) lib/rack/runtime.rb:17:in `call'
  activesupport (4.1.6) lib/active_support/cache/strategy/local_cache_middleware.rb:26:in `call'
  rack (1.5.2) lib/rack/lock.rb:17:in `call'
  actionpack (4.1.6) lib/action_dispatch/middleware/static.rb:64:in `call'
  rack (1.5.2) lib/rack/sendfile.rb:112:in `call'
  railties (4.1.6) lib/rails/engine.rb:514:in `call'
  railties (4.1.6) lib/rails/application.rb:144:in `call'
  rack (1.5.2) lib/rack/lock.rb:17:in `call'
  rack (1.5.2) lib/rack/content_length.rb:14:in `call'
  rack (1.5.2) lib/rack/handler/webrick.rb:60:in `service'
  /System/Library/Frameworks/Ruby.framework/Versions/2.0/usr/lib/ruby/2.0.0/webrick/httpserver.rb:138:in `service'
  /System/Library/Frameworks/Ruby.framework/Versions/2.0/usr/lib/ruby/2.0.0/webrick/httpserver.rb:94:in `run'
  /System/Library/Frameworks/Ruby.framework/Versions/2.0/usr/lib/ruby/2.0.0/webrick/server.rb:295:in `block in start_thread'


  Rendered /Library/Ruby/Gems/2.0.0/gems/actionpack-4.1.6/lib/action_dispatch/middleware/templates/rescues/_trace.html.erb (0.8ms)
  Rendered /Library/Ruby/Gems/2.0.0/gems/actionpack-4.1.6/lib/action_dispatch/middleware/templates/routes/_route.html.erb (0.8ms)
  Rendered /Library/Ruby/Gems/2.0.0/gems/actionpack-4.1.6/lib/action_dispatch/middleware/templates/routes/_table.html.erb (64.3ms)
  Rendered /Library/Ruby/Gems/2.0.0/gems/actionpack-4.1.6/lib/action_dispatch/middleware/templates/rescues/routing_error.html.erb within rescues/layout (80.8ms)


Started GET "/" for 127.0.0.1 at 2014-11-21 14:04:57 -0300
Processing by StaticPagesController#home as HTML
  Rendered static_pages/home.html.erb within layouts/application (0.0ms)
Completed 200 OK in 70ms (Views: 69.5ms | ActiveRecord: 0.0ms)


Started GET "/assets/css_for_bootstrap.css?body=1" for 127.0.0.1 at 2014-11-21 14:04:57 -0300


Started GET "/assets/static_pages.css?body=1" for 127.0.0.1 at 2014-11-21 14:04:57 -0300


Started GET "/assets/turbolinks.js?body=1" for 127.0.0.1 at 2014-11-21 14:04:57 -0300


Started GET "/assets/static_pages.js?body=1" for 127.0.0.1 at 2014-11-21 14:04:57 -0300


Started GET "/assets/application.css?body=1" for 127.0.0.1 at 2014-11-21 14:04:57 -0300


Started GET "/assets/jquery.js?body=1" for 127.0.0.1 at 2014-11-21 14:04:57 -0300


Started GET "/assets/jquery_ujs.js?body=1" for 127.0.0.1 at 2014-11-21 14:04:57 -0300


Started GET "/assets/application.js?body=1" for 127.0.0.1 at 2014-11-21 14:04:57 -0300


Started GET "/..." for 127.0.0.1 at 2014-11-21 14:04:57 -0300

ActionController::RoutingError (No route matches [GET] "/..."):
  actionpack (4.1.6) lib/action_dispatch/middleware/debug_exceptions.rb:21:in `call'
  actionpack (4.1.6) lib/action_dispatch/middleware/show_exceptions.rb:30:in `call'
  railties (4.1.6) lib/rails/rack/logger.rb:38:in `call_app'
  railties (4.1.6) lib/rails/rack/logger.rb:20:in `block in call'
  activesupport (4.1.6) lib/active_support/tagged_logging.rb:68:in `block in tagged'
  activesupport (4.1.6) lib/active_support/tagged_logging.rb:26:in `tagged'
  activesupport (4.1.6) lib/active_support/tagged_logging.rb:68:in `tagged'
  railties (4.1.6) lib/rails/rack/logger.rb:20:in `call'
  actionpack (4.1.6) lib/action_dispatch/middleware/request_id.rb:21:in `call'
  rack (1.5.2) lib/rack/methodoverride.rb:21:in `call'
  rack (1.5.2) lib/rack/runtime.rb:17:in `call'
  activesupport (4.1.6) lib/active_support/cache/strategy/local_cache_middleware.rb:26:in `call'
  rack (1.5.2) lib/rack/lock.rb:17:in `call'
  actionpack (4.1.6) lib/action_dispatch/middleware/static.rb:64:in `call'
  rack (1.5.2) lib/rack/sendfile.rb:112:in `call'
  railties (4.1.6) lib/rails/engine.rb:514:in `call'
  railties (4.1.6) lib/rails/application.rb:144:in `call'
  rack (1.5.2) lib/rack/lock.rb:17:in `call'
  rack (1.5.2) lib/rack/content_length.rb:14:in `call'
  rack (1.5.2) lib/rack/handler/webrick.rb:60:in `service'
  /System/Library/Frameworks/Ruby.framework/Versions/2.0/usr/lib/ruby/2.0.0/webrick/httpserver.rb:138:in `service'
  /System/Library/Frameworks/Ruby.framework/Versions/2.0/usr/lib/ruby/2.0.0/webrick/httpserver.rb:94:in `run'
  /System/Library/Frameworks/Ruby.framework/Versions/2.0/usr/lib/ruby/2.0.0/webrick/server.rb:295:in `block in start_thread'


  Rendered /Library/Ruby/Gems/2.0.0/gems/actionpack-4.1.6/lib/action_dispatch/middleware/templates/rescues/_trace.html.erb (1.0ms)
  Rendered /Library/Ruby/Gems/2.0.0/gems/actionpack-4.1.6/lib/action_dispatch/middleware/templates/routes/_route.html.erb (0.8ms)
  Rendered /Library/Ruby/Gems/2.0.0/gems/actionpack-4.1.6/lib/action_dispatch/middleware/templates/routes/_table.html.erb (1.2ms)
  Rendered /Library/Ruby/Gems/2.0.0/gems/actionpack-4.1.6/lib/action_dispatch/middleware/templates/rescues/routing_error.html.erb within rescues/layout (15.8ms)


Started GET "/" for 127.0.0.1 at 2014-11-21 14:05:05 -0300
Processing by StaticPagesController#home as HTML
  Rendered static_pages/home.html.erb within layouts/application (0.1ms)
Completed 200 OK in 140ms (Views: 139.9ms | ActiveRecord: 0.0ms)


Started GET "/assets/css_for_bootstrap.css?body=1" for 127.0.0.1 at 2014-11-21 14:05:05 -0300


Started GET "/assets/jquery.js?body=1" for 127.0.0.1 at 2014-11-21 14:05:06 -0300


Started GET "/assets/static_pages.css?body=1" for 127.0.0.1 at 2014-11-21 14:05:06 -0300


Started GET "/assets/application.css?body=1" for 127.0.0.1 at 2014-11-21 14:05:06 -0300


Started GET "/assets/jquery_ujs.js?body=1" for 127.0.0.1 at 2014-11-21 14:05:06 -0300


Started GET "/assets/turbolinks.js?body=1" for 127.0.0.1 at 2014-11-21 14:05:06 -0300


Started GET "/assets/bootstrap/affix.js?body=1" for 127.0.0.1 at 2014-11-21 14:05:06 -0300


Started GET "/assets/bootstrap/button.js?body=1" for 127.0.0.1 at 2014-11-21 14:05:06 -0300


Started GET "/assets/bootstrap/collapse.js?body=1" for 127.0.0.1 at 2014-11-21 14:05:06 -0300


Started GET "/assets/bootstrap/tab.js?body=1" for 127.0.0.1 at 2014-11-21 14:05:06 -0300


Started GET "/assets/bootstrap/scrollspy.js?body=1" for 127.0.0.1 at 2014-11-21 14:05:06 -0300


Started GET "/assets/bootstrap/alert.js?body=1" for 127.0.0.1 at 2014-11-21 14:05:06 -0300


Started GET "/assets/bootstrap/tooltip.js?body=1" for 127.0.0.1 at 2014-11-21 14:05:06 -0300


Started GET "/assets/bootstrap/carousel.js?body=1" for 127.0.0.1 at 2014-11-21 14:05:06 -0300


Started GET "/assets/bootstrap/dropdown.js?body=1" for 127.0.0.1 at 2014-11-21 14:05:06 -0300


Started GET "/assets/bootstrap/transition.js?body=1" for 127.0.0.1 at 2014-11-21 14:05:06 -0300


Started GET "/assets/bootstrap/modal.js?body=1" for 127.0.0.1 at 2014-11-21 14:05:06 -0300


Started GET "/assets/bootstrap-sprockets.js?body=1" for 127.0.0.1 at 2014-11-21 14:05:06 -0300


Started GET "/assets/bootstrap/popover.js?body=1" for 127.0.0.1 at 2014-11-21 14:05:06 -0300


Started GET "/assets/application.js?body=1" for 127.0.0.1 at 2014-11-21 14:05:06 -0300


Started GET "/assets/static_pages.js?body=1" for 127.0.0.1 at 2014-11-21 14:05:06 -0300


Started GET "/..." for 127.0.0.1 at 2014-11-21 14:05:06 -0300

ActionController::RoutingError (No route matches [GET] "/..."):
  actionpack (4.1.6) lib/action_dispatch/middleware/debug_exceptions.rb:21:in `call'
  actionpack (4.1.6) lib/action_dispatch/middleware/show_exceptions.rb:30:in `call'
  railties (4.1.6) lib/rails/rack/logger.rb:38:in `call_app'
  railties (4.1.6) lib/rails/rack/logger.rb:20:in `block in call'
  activesupport (4.1.6) lib/active_support/tagged_logging.rb:68:in `block in tagged'
  activesupport (4.1.6) lib/active_support/tagged_logging.rb:26:in `tagged'
  activesupport (4.1.6) lib/active_support/tagged_logging.rb:68:in `tagged'
  railties (4.1.6) lib/rails/rack/logger.rb:20:in `call'
  actionpack (4.1.6) lib/action_dispatch/middleware/request_id.rb:21:in `call'
  rack (1.5.2) lib/rack/methodoverride.rb:21:in `call'
  rack (1.5.2) lib/rack/runtime.rb:17:in `call'
  activesupport (4.1.6) lib/active_support/cache/strategy/local_cache_middleware.rb:26:in `call'
  rack (1.5.2) lib/rack/lock.rb:17:in `call'
  actionpack (4.1.6) lib/action_dispatch/middleware/static.rb:64:in `call'
  rack (1.5.2) lib/rack/sendfile.rb:112:in `call'
  railties (4.1.6) lib/rails/engine.rb:514:in `call'
  railties (4.1.6) lib/rails/application.rb:144:in `call'
  rack (1.5.2) lib/rack/lock.rb:17:in `call'
  rack (1.5.2) lib/rack/content_length.rb:14:in `call'
  rack (1.5.2) lib/rack/handler/webrick.rb:60:in `service'
  /System/Library/Frameworks/Ruby.framework/Versions/2.0/usr/lib/ruby/2.0.0/webrick/httpserver.rb:138:in `service'
  /System/Library/Frameworks/Ruby.framework/Versions/2.0/usr/lib/ruby/2.0.0/webrick/httpserver.rb:94:in `run'
  /System/Library/Frameworks/Ruby.framework/Versions/2.0/usr/lib/ruby/2.0.0/webrick/server.rb:295:in `block in start_thread'


  Rendered /Library/Ruby/Gems/2.0.0/gems/actionpack-4.1.6/lib/action_dispatch/middleware/templates/rescues/_trace.html.erb (0.8ms)
  Rendered /Library/Ruby/Gems/2.0.0/gems/actionpack-4.1.6/lib/action_dispatch/middleware/templates/routes/_route.html.erb (0.9ms)
  Rendered /Library/Ruby/Gems/2.0.0/gems/actionpack-4.1.6/lib/action_dispatch/middleware/templates/routes/_table.html.erb (1.0ms)
  Rendered /Library/Ruby/Gems/2.0.0/gems/actionpack-4.1.6/lib/action_dispatch/middleware/templates/rescues/routing_error.html.erb within rescues/layout (15.3ms)
  [1m[36m (1.9ms)[0m  [1mCREATE TABLE "schema_migrations" ("version" varchar(255) NOT NULL) [0m
  [1m[35m (0.1ms)[0m  select sqlite_version(*)
  [1m[36m (2.4ms)[0m  [1mCREATE UNIQUE INDEX "unique_schema_migrations" ON "schema_migrations" ("version")[0m
  [1m[35mActiveRecord::SchemaMigration Load (0.1ms)[0m  SELECT "schema_migrations".* FROM "schema_migrations"
Migrating to CreateUsers (20141121172456)
  [1m[36m (0.1ms)[0m  [1mbegin transaction[0m
  [1m[35m (0.1ms)[0m  rollback transaction
  [1m[36mActiveRecord::SchemaMigration Load (0.1ms)[0m  [1mSELECT "schema_migrations".* FROM "schema_migrations"[0m
Migrating to CreateUsers (20141121172456)
  [1m[35m (0.1ms)[0m  begin transaction
  [1m[36m (0.1ms)[0m  [1mrollback transaction[0m
  [1m[36mActiveRecord::SchemaMigration Load (0.1ms)[0m  [1mSELECT "schema_migrations".* FROM "schema_migrations"[0m
Migrating to CreateUsers (20141121172831)
  [1m[35m (0.1ms)[0m  begin transaction
  [1m[36m (0.4ms)[0m  [1mCREATE TABLE "users" ("id" INTEGER PRIMARY KEY AUTOINCREMENT NOT NULL, "nickname" varchar(255), "coins" integer, "walletNmb" varchar(255), "created_at" datetime, "updated_at" datetime) [0m
  [1m[35mSQL (0.2ms)[0m  INSERT INTO "schema_migrations" ("version") VALUES (?)  [["version", "20141121172831"]]
  [1m[36m (1.8ms)[0m  [1mcommit transaction[0m
  [1m[35mActiveRecord::SchemaMigration Load (0.1ms)[0m  SELECT "schema_migrations".* FROM "schema_migrations"
  [1m[36mActiveRecord::SchemaMigration Load (0.1ms)[0m  [1mSELECT "schema_migrations".* FROM "schema_migrations"[0m
  [1m[35mActiveRecord::SchemaMigration Load (0.1ms)[0m  SELECT "schema_migrations".* FROM "schema_migrations"
Migrating to CreateUsers (20141121172831)
  [1m[36m (0.1ms)[0m  [1mbegin transaction[0m
  [1m[35m (0.4ms)[0m  DROP TABLE "users"
  [1m[36mSQL (0.1ms)[0m  [1mDELETE FROM "schema_migrations" WHERE "schema_migrations"."version" = '20141121172831'[0m
  [1m[35m (1.2ms)[0m  commit transaction
  [1m[36mActiveRecord::SchemaMigration Load (0.1ms)[0m  [1mSELECT "schema_migrations".* FROM "schema_migrations"[0m
  [1m[36mActiveRecord::SchemaMigration Load (0.1ms)[0m  [1mSELECT "schema_migrations".* FROM "schema_migrations"[0m
Migrating to CreateUsers (20141121172831)
  [1m[35m (0.1ms)[0m  begin transaction
  [1m[36m (0.4ms)[0m  [1mCREATE TABLE "users" ("id" INTEGER PRIMARY KEY AUTOINCREMENT NOT NULL, "nickname" varchar(255), "coins" integer, "walletNmb" varchar(255), "created_at" datetime, "updated_at" datetime) [0m
  [1m[35mSQL (0.2ms)[0m  INSERT INTO "schema_migrations" ("version") VALUES (?)  [["version", "20141121172831"]]
  [1m[36m (1.6ms)[0m  [1mcommit transaction[0m
Migrating to AddColumnnameToTablename (20141121173314)
  [1m[35m (0.1ms)[0m  begin transaction
  [1m[36m (0.2ms)[0m  [1mALTER TABLE "tablenames" ADD "columnname" datatype[0m
SQLite3::SQLException: no such table: tablenames: ALTER TABLE "tablenames" ADD "columnname" datatype
  [1m[35m (0.0ms)[0m  rollback transaction
  [1m[36mActiveRecord::SchemaMigration Load (0.1ms)[0m  [1mSELECT "schema_migrations".* FROM "schema_migrations"[0m
  [1m[35mActiveRecord::SchemaMigration Load (0.1ms)[0m  SELECT "schema_migrations".* FROM "schema_migrations"
Migrating to CreateUsers (20141121172831)
  [1m[36m (0.1ms)[0m  [1mbegin transaction[0m
  [1m[35m (0.4ms)[0m  DROP TABLE "users"
  [1m[36mSQL (0.1ms)[0m  [1mDELETE FROM "schema_migrations" WHERE "schema_migrations"."version" = '20141121172831'[0m
  [1m[35m (2.1ms)[0m  commit transaction
  [1m[36mActiveRecord::SchemaMigration Load (0.1ms)[0m  [1mSELECT "schema_migrations".* FROM "schema_migrations"[0m
  [1m[36mActiveRecord::SchemaMigration Load (0.2ms)[0m  [1mSELECT "schema_migrations".* FROM "schema_migrations"[0m
  [1m[35mActiveRecord::SchemaMigration Load (0.1ms)[0m  SELECT "schema_migrations".* FROM "schema_migrations"
  [1m[36mActiveRecord::SchemaMigration Load (0.1ms)[0m  [1mSELECT "schema_migrations".* FROM "schema_migrations"[0m
Migrating to CreateUsers (20141121172831)
  [1m[35m (0.1ms)[0m  begin transaction
  [1m[36m (0.3ms)[0m  [1mCREATE TABLE "users" ("id" INTEGER PRIMARY KEY AUTOINCREMENT NOT NULL, "nickname" varchar(255), "coins" integer, "walletNmb" varchar(255), "created_at" datetime, "updated_at" datetime) [0m
  [1m[35mSQL (0.1ms)[0m  INSERT INTO "schema_migrations" ("version") VALUES (?)  [["version", "20141121172831"]]
  [1m[36m (1.8ms)[0m  [1mcommit transaction[0m
Migrating to AddEmailToUsers (20141121173458)
  [1m[35m (0.1ms)[0m  begin transaction
  [1m[36m (0.4ms)[0m  [1mALTER TABLE "users" ADD "email" varchar(255)[0m
  [1m[35mSQL (0.1ms)[0m  INSERT INTO "schema_migrations" ("version") VALUES (?)  [["version", "20141121173458"]]
  [1m[36m (0.7ms)[0m  [1mcommit transaction[0m
  [1m[35mActiveRecord::SchemaMigration Load (0.1ms)[0m  SELECT "schema_migrations".* FROM "schema_migrations"
  [1m[36mActiveRecord::SchemaMigration Load (0.1ms)[0m  [1mSELECT "schema_migrations".* FROM "schema_migrations"[0m
  [1m[35mActiveRecord::SchemaMigration Load (0.1ms)[0m  SELECT "schema_migrations".* FROM "schema_migrations"
Migrating to AddEmailToUsers (20141121173458)
  [1m[36m (0.1ms)[0m  [1mbegin transaction[0m
  [1m[35m (0.5ms)[0m  CREATE TEMPORARY TABLE "ausers" ("id" INTEGER PRIMARY KEY AUTOINCREMENT NOT NULL, "nickname" varchar(255), "coins" integer, "walletNmb" varchar(255), "created_at" datetime, "updated_at" datetime, "email" varchar(255)) 
  [1m[36m (0.1ms)[0m  [1mSELECT * FROM "users"[0m
  [1m[35m (0.2ms)[0m  DROP TABLE "users"
  [1m[36m (0.1ms)[0m  [1mCREATE TABLE "users" ("id" INTEGER PRIMARY KEY AUTOINCREMENT NOT NULL, "nickname" varchar(255), "coins" integer, "walletNmb" varchar(255), "created_at" datetime, "updated_at" datetime) [0m
  [1m[35m (0.1ms)[0m  SELECT * FROM "ausers"
  [1m[36m (0.2ms)[0m  [1mDROP TABLE "ausers"[0m
  [1m[35mSQL (0.1ms)[0m  DELETE FROM "schema_migrations" WHERE "schema_migrations"."version" = '20141121173458'
  [1m[36m (1.9ms)[0m  [1mcommit transaction[0m
  [1m[35mActiveRecord::SchemaMigration Load (0.1ms)[0m  SELECT "schema_migrations".* FROM "schema_migrations"
  [1m[36mActiveRecord::SchemaMigration Load (0.1ms)[0m  [1mSELECT "schema_migrations".* FROM "schema_migrations"[0m
  [1m[35mActiveRecord::SchemaMigration Load (0.1ms)[0m  SELECT "schema_migrations".* FROM "schema_migrations"
Migrating to CreateUsers (20141121172831)
  [1m[36m (0.1ms)[0m  [1mbegin transaction[0m
  [1m[35m (0.3ms)[0m  DROP TABLE "users"
  [1m[36mSQL (0.1ms)[0m  [1mDELETE FROM "schema_migrations" WHERE "schema_migrations"."version" = '20141121172831'[0m
  [1m[35m (1.9ms)[0m  commit transaction
  [1m[36mActiveRecord::SchemaMigration Load (0.1ms)[0m  [1mSELECT "schema_migrations".* FROM "schema_migrations"[0m
  [1m[36mActiveRecord::SchemaMigration Load (0.1ms)[0m  [1mSELECT "schema_migrations".* FROM "schema_migrations"[0m
Migrating to CreateUsers (20141121172831)
  [1m[35m (0.1ms)[0m  begin transaction
  [1m[36m (0.3ms)[0m  [1mCREATE TABLE "users" ("id" INTEGER PRIMARY KEY AUTOINCREMENT NOT NULL, "nickname" varchar(255), "coins" integer, "walletNmb" varchar(255), "mail" varchar(255), "created_at" datetime, "updated_at" datetime) [0m
  [1m[35mSQL (0.2ms)[0m  INSERT INTO "schema_migrations" ("version") VALUES (?)  [["version", "20141121172831"]]
  [1m[36m (1.5ms)[0m  [1mcommit transaction[0m
  [1m[35mActiveRecord::SchemaMigration Load (0.1ms)[0m  SELECT "schema_migrations".* FROM "schema_migrations"
  [1m[36mActiveRecord::SchemaMigration Load (0.1ms)[0m  [1mSELECT "schema_migrations".* FROM "schema_migrations"[0m
Migrating to AddIndexToUsersMail (20141121174609)
  [1m[35m (0.1ms)[0m  begin transaction
  [1m[36m (0.1ms)[0m  [1mselect sqlite_version(*)[0m
  [1m[35m (0.4ms)[0m  CREATE UNIQUE INDEX "index_users_on_mail" ON "users" ("mail")
  [1m[36mSQL (0.2ms)[0m  [1mINSERT INTO "schema_migrations" ("version") VALUES (?)[0m  [["version", "20141121174609"]]
  [1m[35m (1.8ms)[0m  commit transaction
Migrating to AddIndexToUsersNickname (20141121174617)
  [1m[36m (0.1ms)[0m  [1mbegin transaction[0m
  [1m[35m (0.1ms)[0m              SELECT sql
            FROM sqlite_master
            WHERE name='index_users_on_mail' AND type='index'
            UNION ALL
            SELECT sql
            FROM sqlite_temp_master
            WHERE name='index_users_on_mail' AND type='index'

  [1m[36m (0.2ms)[0m  [1mCREATE UNIQUE INDEX "index_users_on_nickname" ON "users" ("nickname")[0m
  [1m[35mSQL (0.3ms)[0m  INSERT INTO "schema_migrations" ("version") VALUES (?)  [["version", "20141121174617"]]
  [1m[36m (0.9ms)[0m  [1mcommit transaction[0m
  [1m[35mActiveRecord::SchemaMigration Load (0.1ms)[0m  SELECT "schema_migrations".* FROM "schema_migrations"
  [1m[36m (0.1ms)[0m  [1m            SELECT sql
            FROM sqlite_master
            WHERE name='index_users_on_nickname' AND type='index'
            UNION ALL
            SELECT sql
            FROM sqlite_temp_master
            WHERE name='index_users_on_nickname' AND type='index'
[0m
  [1m[35m (0.1ms)[0m              SELECT sql
            FROM sqlite_master
            WHERE name='index_users_on_mail' AND type='index'
            UNION ALL
            SELECT sql
            FROM sqlite_temp_master
            WHERE name='index_users_on_mail' AND type='index'

  [1m[36mActiveRecord::SchemaMigration Load (0.1ms)[0m  [1mSELECT "schema_migrations".* FROM "schema_migrations"[0m
Migrating to AddPasswordDigestToUsers (20141121180156)
  [1m[35m (0.1ms)[0m  begin transaction
  [1m[36m (0.4ms)[0m  [1mALTER TABLE "users" ADD "password_digest" varchar(255)[0m
  [1m[35mSQL (0.2ms)[0m  INSERT INTO "schema_migrations" ("version") VALUES (?)  [["version", "20141121180156"]]
  [1m[36m (1.4ms)[0m  [1mcommit transaction[0m
  [1m[35mActiveRecord::SchemaMigration Load (0.1ms)[0m  SELECT "schema_migrations".* FROM "schema_migrations"
  [1m[36m (0.1ms)[0m  [1m            SELECT sql
            FROM sqlite_master
            WHERE name='index_users_on_nickname' AND type='index'
            UNION ALL
            SELECT sql
            FROM sqlite_temp_master
            WHERE name='index_users_on_nickname' AND type='index'
[0m
  [1m[35m (0.1ms)[0m              SELECT sql
            FROM sqlite_master
            WHERE name='index_users_on_mail' AND type='index'
            UNION ALL
            SELECT sql
            FROM sqlite_temp_master
            WHERE name='index_users_on_mail' AND type='index'

  [1m[36m (0.4ms)[0m  [1mbegin transaction[0m
  [1m[35m (0.1ms)[0m  SAVEPOINT active_record_1
  [1m[36m (0.1ms)[0m  [1mROLLBACK TO SAVEPOINT active_record_1[0m
  [1m[35m (0.1ms)[0m  SAVEPOINT active_record_1
  [1m[36m (0.1ms)[0m  [1mROLLBACK TO SAVEPOINT active_record_1[0m
  [1m[35m (0.1ms)[0m  SAVEPOINT active_record_1
  [1m[36m (0.1ms)[0m  [1mROLLBACK TO SAVEPOINT active_record_1[0m
  [1m[35m (0.1ms)[0m  SAVEPOINT active_record_1
  [1m[36m (0.0ms)[0m  [1mROLLBACK TO SAVEPOINT active_record_1[0m
  [1m[35m (0.1ms)[0m  rollback transaction
  [1m[36m (0.3ms)[0m  [1mbegin transaction[0m
  [1m[35m (0.1ms)[0m  SAVEPOINT active_record_1
  [1m[36m (0.1ms)[0m  [1mROLLBACK TO SAVEPOINT active_record_1[0m
  [1m[35m (0.1ms)[0m  SAVEPOINT active_record_1
  [1m[36m (0.1ms)[0m  [1mROLLBACK TO SAVEPOINT active_record_1[0m
  [1m[35m (0.1ms)[0m  rollback transaction
  [1m[36m (0.3ms)[0m  [1mbegin transaction[0m
  [1m[35m (0.1ms)[0m  SAVEPOINT active_record_1
  [1m[36mUser Exists (0.2ms)[0m  [1mSELECT  1 AS one FROM "users"  WHERE LOWER("users"."nickname") = LOWER('Michael Hartl') LIMIT 1[0m
  [1m[35m (0.1ms)[0m  ROLLBACK TO SAVEPOINT active_record_1
  [1m[36m (0.1ms)[0m  [1mSAVEPOINT active_record_1[0m
  [1m[35mUser Exists (0.1ms)[0m  SELECT  1 AS one FROM "users"  WHERE LOWER("users"."nickname") = LOWER('Michael Hartl') LIMIT 1
  [1m[36m (0.0ms)[0m  [1mROLLBACK TO SAVEPOINT active_record_1[0m
  [1m[35m (0.1ms)[0m  SAVEPOINT active_record_1
  [1m[36mUser Exists (0.1ms)[0m  [1mSELECT  1 AS one FROM "users"  WHERE LOWER("users"."nickname") = LOWER('Michael Hartl') LIMIT 1[0m
  [1m[35m (0.1ms)[0m  ROLLBACK TO SAVEPOINT active_record_1
  [1m[36m (0.1ms)[0m  [1mrollback transaction[0m
  [1m[36m (0.3ms)[0m  [1mbegin transaction[0m
  [1m[35m (0.1ms)[0m  SAVEPOINT active_record_1
  [1m[36mUser Exists (0.1ms)[0m  [1mSELECT  1 AS one FROM "users"  WHERE LOWER("users"."nickname") = LOWER('Michael Hartl') LIMIT 1[0m
  [1m[35mUser Exists (0.1ms)[0m  SELECT  1 AS one FROM "users"  WHERE LOWER("users"."mail") = LOWER('mhartl@example.com') LIMIT 1
Binary data inserted for `string` type on column `password_digest`
  [1m[36mSQL (0.6ms)[0m  [1mINSERT INTO "users" ("coins", "created_at", "mail", "nickname", "password_digest", "updated_at", "walletNmb") VALUES (?, ?, ?, ?, ?, ?, ?)[0m  [["coins", 0], ["created_at", "2014-11-21 18:16:31.955275"], ["mail", "mhartl@example.com"], ["nickname", "Michael Hartl"], ["password_digest", "$2a$10$pM2LPlL9udifsLfyqTozcODr6NLhIVzTDw5YDhWMjRwIjqAIWupmy"], ["updated_at", "2014-11-21 18:16:31.955275"], ["walletNmb", "aaaaaaaaaaaaaaaaaaaaaaaaaaaa"]]
  [1m[35m (0.1ms)[0m  RELEASE SAVEPOINT active_record_1
  [1m[36m (0.3ms)[0m  [1mrollback transaction[0m
  [1m[36m (0.1ms)[0m  [1mbegin transaction[0m
  [1m[35mUser Exists (0.2ms)[0m  SELECT  1 AS one FROM "users"  WHERE LOWER("users"."nickname") = LOWER('Michael Hartl') LIMIT 1
  [1m[36mUser Exists (0.1ms)[0m  [1mSELECT  1 AS one FROM "users"  WHERE LOWER("users"."mail") = LOWER('mhartl@example.com') LIMIT 1[0m
Binary data inserted for `string` type on column `password_digest`
  [1m[35mSQL (0.4ms)[0m  INSERT INTO "users" ("coins", "created_at", "mail", "nickname", "password_digest", "updated_at", "walletNmb") VALUES (?, ?, ?, ?, ?, ?, ?)  [["coins", 0], ["created_at", "2014-11-21 18:17:49.977251"], ["mail", "mhartl@example.com"], ["nickname", "Michael Hartl"], ["password_digest", "$2a$10$xU5hS6bS6kpJLbnYy6BKV.NNx8gUuTKjd5OWZ5X7A4rqoHROBDtB2"], ["updated_at", "2014-11-21 18:17:49.977251"], ["walletNmb", "aaaaaaaaaaaaaaaaaaaaaaaaaaaa"]]
  [1m[36m (1.9ms)[0m  [1mcommit transaction[0m
  [1m[36m (0.1ms)[0m  [1mbegin transaction[0m
  [1m[35mUser Exists (0.2ms)[0m  SELECT  1 AS one FROM "users"  WHERE LOWER("users"."nickname") = LOWER('Michael Hartl') LIMIT 1
  [1m[36mUser Exists (0.2ms)[0m  [1mSELECT  1 AS one FROM "users"  WHERE LOWER("users"."mail") = LOWER('mhartl@example.com') LIMIT 1[0m
  [1m[35m (0.1ms)[0m  rollback transaction
  [1m[36m (0.1ms)[0m  [1mbegin transaction[0m
  [1m[35mUser Exists (0.2ms)[0m  SELECT  1 AS one FROM "users"  WHERE LOWER("users"."nickname") = LOWER('Michael Hart4l') LIMIT 1
  [1m[36mUser Exists (0.1ms)[0m  [1mSELECT  1 AS one FROM "users"  WHERE LOWER("users"."mail") = LOWER('mharASDFAtl@example.com') LIMIT 1[0m
Binary data inserted for `string` type on column `password_digest`
  [1m[35mSQL (0.4ms)[0m  INSERT INTO "users" ("coins", "created_at", "mail", "nickname", "password_digest", "updated_at", "walletNmb") VALUES (?, ?, ?, ?, ?, ?, ?)  [["coins", 0], ["created_at", "2014-11-21 18:19:55.911295"], ["mail", "mharasdfatl@example.com"], ["nickname", "Michael Hart4l"], ["password_digest", "$2a$10$Yu/CFY4./s8TgmNhSoqoXOf6ZVHiov6uUchx8zTSqf4bkr7jMvVNu"], ["updated_at", "2014-11-21 18:19:55.911295"], ["walletNmb", "aaaaaaaaaaaaaaaaaaaaaaaaaaaa"]]
  [1m[36m (1.3ms)[0m  [1mcommit transaction[0m
  [1m[36m (0.3ms)[0m  [1mbegin transaction[0m
  [1m[35m (0.1ms)[0m  rollback transaction
  [1m[36m (0.4ms)[0m  [1mbegin transaction[0m
  [1m[35m (0.1ms)[0m  rollback transaction
  [1m[36m (0.5ms)[0m  [1mbegin transaction[0m
  [1m[35m (0.1ms)[0m  SAVEPOINT active_record_1
  [1m[36mUser Exists (0.2ms)[0m  [1mSELECT  1 AS one FROM "users"  WHERE LOWER("users"."nickname") = LOWER('MicADFADFAFhael Hart4l') LIMIT 1[0m
  [1m[35mUser Exists (0.1ms)[0m  SELECT  1 AS one FROM "users"  WHERE LOWER("users"."mail") = LOWER('mharASDFASDFAtl@example.com') LIMIT 1
  [1m[36m (0.1ms)[0m  [1mROLLBACK TO SAVEPOINT active_record_1[0m
  [1m[35m (0.1ms)[0m  rollback transaction
  [1m[36m (0.1ms)[0m  [1mbegin transaction[0m
  [1m[35mUser Exists (0.1ms)[0m  SELECT  1 AS one FROM "users"  WHERE LOWER("users"."nickname") = LOWER('MicADFADFAFhael Hart4l') LIMIT 1
  [1m[36mUser Exists (0.1ms)[0m  [1mSELECT  1 AS one FROM "users"  WHERE LOWER("users"."mail") = LOWER('mharASDFASDFAtl@example.com') LIMIT 1[0m
  [1m[35m (0.1ms)[0m  rollback transaction
  [1m[36m (0.1ms)[0m  [1mbegin transaction[0m
  [1m[35mUser Exists (0.1ms)[0m  SELECT  1 AS one FROM "users"  WHERE LOWER("users"."nickname") = LOWER('MicADFADFAFhael Hart4l') LIMIT 1
  [1m[36mUser Exists (0.1ms)[0m  [1mSELECT  1 AS one FROM "users"  WHERE LOWER("users"."mail") = LOWER('mharASDFASDFAtl@example.com') LIMIT 1[0m
  [1m[35m (0.1ms)[0m  rollback transaction
  [1m[36m (0.1ms)[0m  [1mbegin transaction[0m
  [1m[35mUser Exists (0.2ms)[0m  SELECT  1 AS one FROM "users"  WHERE LOWER("users"."nickname") = LOWER('MicADFADFAFhael Hart4l') LIMIT 1
  [1m[36mUser Exists (0.1ms)[0m  [1mSELECT  1 AS one FROM "users"  WHERE LOWER("users"."mail") = LOWER('mharASDFASDFAtl@example.com') LIMIT 1[0m
  [1m[35m (0.1ms)[0m  rollback transaction
  [1m[36m (0.1ms)[0m  [1mbegin transaction[0m
  [1m[35mUser Exists (0.2ms)[0m  SELECT  1 AS one FROM "users"  WHERE LOWER("users"."nickname") = LOWER('MicADFADFAFhael Hart4l') LIMIT 1
  [1m[36mUser Exists (0.1ms)[0m  [1mSELECT  1 AS one FROM "users"  WHERE LOWER("users"."mail") = LOWER('mharASDFASDFAtl@example.com') LIMIT 1[0m
  [1m[35m (0.1ms)[0m  rollback transaction
  [1m[36m (0.1ms)[0m  [1mbegin transaction[0m
  [1m[35mUser Exists (0.2ms)[0m  SELECT  1 AS one FROM "users"  WHERE LOWER("users"."nickname") = LOWER('MicADFADFAFhael Hart4l') LIMIT 1
  [1m[36mUser Exists (0.1ms)[0m  [1mSELECT  1 AS one FROM "users"  WHERE LOWER("users"."mail") = LOWER('mharASDFASDFAtl@example.com') LIMIT 1[0m
Binary data inserted for `string` type on column `password_digest`
  [1m[35mSQL (0.4ms)[0m  INSERT INTO "users" ("created_at", "mail", "nickname", "password_digest", "updated_at", "walletNmb") VALUES (?, ?, ?, ?, ?, ?)  [["created_at", "2014-11-21 18:33:46.445831"], ["mail", "mharasdfasdfatl@example.com"], ["nickname", "micadfadfafhael hart4l"], ["password_digest", "$2a$10$Pl.AL0rt.7zZE5F.XGu/tOhKKAvMisw/LXSBxtmyHReLIyXIiDHES"], ["updated_at", "2014-11-21 18:33:46.445831"], ["walletNmb", "aaaaaaaaaaaaaaaaaaaaaaaaaaaaaa"]]
  [1m[36m (2.2ms)[0m  [1mcommit transaction[0m
  [1m[36mActiveRecord::SchemaMigration Load (0.1ms)[0m  [1mSELECT "schema_migrations".* FROM "schema_migrations"[0m
Migrating to AddIndexToUsersWalletNmb (20141121183613)
  [1m[35m (0.1ms)[0m  begin transaction
  [1m[36m (0.1ms)[0m  [1mselect sqlite_version(*)[0m
  [1m[35m (0.1ms)[0m              SELECT sql
            FROM sqlite_master
            WHERE name='index_users_on_nickname' AND type='index'
            UNION ALL
            SELECT sql
            FROM sqlite_temp_master
            WHERE name='index_users_on_nickname' AND type='index'

  [1m[36m (0.1ms)[0m  [1m            SELECT sql
            FROM sqlite_master
            WHERE name='index_users_on_mail' AND type='index'
            UNION ALL
            SELECT sql
            FROM sqlite_temp_master
            WHERE name='index_users_on_mail' AND type='index'
[0m
  [1m[35m (0.3ms)[0m  CREATE UNIQUE INDEX "index_users_on_walletNmb" ON "users" ("walletNmb")
SQLite3::ConstraintException: UNIQUE constraint failed: users.walletNmb: CREATE UNIQUE INDEX "index_users_on_walletNmb" ON "users" ("walletNmb")
  [1m[36m (1.2ms)[0m  [1mrollback transaction[0m
  [1m[36mActiveRecord::SchemaMigration Load (0.1ms)[0m  [1mSELECT "schema_migrations".* FROM "schema_migrations"[0m
Migrating to AddIndexToUsersWalletNmb (20141121183613)
  [1m[35m (0.1ms)[0m  begin transaction
  [1m[36m (0.1ms)[0m  [1mselect sqlite_version(*)[0m
  [1m[35m (0.1ms)[0m              SELECT sql
            FROM sqlite_master
            WHERE name='index_users_on_nickname' AND type='index'
            UNION ALL
            SELECT sql
            FROM sqlite_temp_master
            WHERE name='index_users_on_nickname' AND type='index'

  [1m[36m (0.1ms)[0m  [1m            SELECT sql
            FROM sqlite_master
            WHERE name='index_users_on_mail' AND type='index'
            UNION ALL
            SELECT sql
            FROM sqlite_temp_master
            WHERE name='index_users_on_mail' AND type='index'
[0m
  [1m[35m (0.4ms)[0m  CREATE UNIQUE INDEX "index_users_on_walletNmb" ON "users" ("walletNmb")
  [1m[36mSQL (0.2ms)[0m  [1mINSERT INTO "schema_migrations" ("version") VALUES (?)[0m  [["version", "20141121183613"]]
  [1m[35m (1.9ms)[0m  commit transaction
  [1m[36mActiveRecord::SchemaMigration Load (0.1ms)[0m  [1mSELECT "schema_migrations".* FROM "schema_migrations"[0m
  [1m[35m (0.1ms)[0m              SELECT sql
            FROM sqlite_master
            WHERE name='index_users_on_walletNmb' AND type='index'
            UNION ALL
            SELECT sql
            FROM sqlite_temp_master
            WHERE name='index_users_on_walletNmb' AND type='index'

  [1m[36m (0.1ms)[0m  [1m            SELECT sql
            FROM sqlite_master
            WHERE name='index_users_on_nickname' AND type='index'
            UNION ALL
            SELECT sql
            FROM sqlite_temp_master
            WHERE name='index_users_on_nickname' AND type='index'
[0m
  [1m[35m (0.1ms)[0m              SELECT sql
            FROM sqlite_master
            WHERE name='index_users_on_mail' AND type='index'
            UNION ALL
            SELECT sql
            FROM sqlite_temp_master
            WHERE name='index_users_on_mail' AND type='index'

  [1m[36m (0.1ms)[0m  [1mbegin transaction[0m
  [1m[35mUser Exists (0.2ms)[0m  SELECT  1 AS one FROM "users"  WHERE LOWER("users"."nickname") = LOWER('MicADFADFAFhael Hart4l') LIMIT 1
  [1m[36mUser Exists (0.1ms)[0m  [1mSELECT  1 AS one FROM "users"  WHERE LOWER("users"."mail") = LOWER('mharASDFASDFAtl@example.com') LIMIT 1[0m
Binary data inserted for `string` type on column `password_digest`
  [1m[35mSQL (0.4ms)[0m  INSERT INTO "users" ("coins", "created_at", "mail", "nickname", "password_digest", "updated_at", "walletNmb") VALUES (?, ?, ?, ?, ?, ?, ?)  [["coins", 43], ["created_at", "2014-11-21 18:41:58.362041"], ["mail", "mharasdfasdfatl@example.com"], ["nickname", "micadfadfafhael hart4l"], ["password_digest", "$2a$10$wRjxPXX2NDqEIMUaFmTcQeARxZ972wvUwVS0A1naLPrw6giBf8klG"], ["updated_at", "2014-11-21 18:41:58.362041"], ["walletNmb", "aaaaaaaaaaaaaaaaaaaaaaaaaaaaaa"]]
  [1m[36m (2.0ms)[0m  [1mcommit transaction[0m
  [1m[35m (0.1ms)[0m  begin transaction
  [1m[36mUser Exists (0.2ms)[0m  [1mSELECT  1 AS one FROM "users"  WHERE LOWER("users"."nickname") = LOWER('MicADFADFAFhael Hart4l') LIMIT 1[0m
  [1m[35mUser Exists (0.1ms)[0m  SELECT  1 AS one FROM "users"  WHERE LOWER("users"."mail") = LOWER('mharASDFASDFAtl@example.com') LIMIT 1
  [1m[36m (0.1ms)[0m  [1mrollback transaction[0m
  [1m[35m (0.1ms)[0m  begin transaction
  [1m[36mUser Exists (0.1ms)[0m  [1mSELECT  1 AS one FROM "users"  WHERE LOWER("users"."nickname") = LOWER('4444444') LIMIT 1[0m
  [1m[35mUser Exists (0.1ms)[0m  SELECT  1 AS one FROM "users"  WHERE LOWER("users"."mail") = LOWER('44mharASDFASDFAtl@example.com') LIMIT 1
Binary data inserted for `string` type on column `password_digest`
  [1m[36mSQL (0.2ms)[0m  [1mINSERT INTO "users" ("coins", "created_at", "mail", "nickname", "password_digest", "updated_at", "walletNmb") VALUES (?, ?, ?, ?, ?, ?, ?)[0m  [["coins", 43], ["created_at", "2014-11-21 18:42:21.661253"], ["mail", "44mharasdfasdfatl@example.com"], ["nickname", "4444444"], ["password_digest", "$2a$10$T704pCfHU4fY3QvnXgAJnOBZ0VV.0M5hJzUjiK.jGNLVwiCwjxA8y"], ["updated_at", "2014-11-21 18:42:21.661253"], ["walletNmb", "aaaaaaaaaaaaaaaaaa4aaaaaaaaaaaa"]]
  [1m[35m (1.4ms)[0m  commit transaction
  [1m[36m (0.1ms)[0m  [1mbegin transaction[0m
  [1m[35mUser Exists (0.2ms)[0m  SELECT  1 AS one FROM "users"  WHERE LOWER("users"."nickname") = LOWER('4444444') LIMIT 1
  [1m[36mUser Exists (0.1ms)[0m  [1mSELECT  1 AS one FROM "users"  WHERE LOWER("users"."mail") = LOWER('44mharASDFASDFAtl@example.com') LIMIT 1[0m
  [1m[35m (0.1ms)[0m  rollback transaction
  [1m[36m (0.1ms)[0m  [1mbegin transaction[0m
  [1m[35mUser Exists (0.2ms)[0m  SELECT  1 AS one FROM "users"  WHERE LOWER("users"."nickname") = LOWER('4455444') LIMIT 1
  [1m[36mUser Exists (0.1ms)[0m  [1mSELECT  1 AS one FROM "users"  WHERE LOWER("users"."mail") = LOWER('55SDFASDFAtl@example.com') LIMIT 1[0m
Binary data inserted for `string` type on column `password_digest`
  [1m[35mSQL (0.2ms)[0m  INSERT INTO "users" ("coins", "created_at", "mail", "nickname", "password_digest", "updated_at", "walletNmb") VALUES (?, ?, ?, ?, ?, ?, ?)  [["coins", 43], ["created_at", "2014-11-21 18:43:04.902378"], ["mail", "55sdfasdfatl@example.com"], ["nickname", "4455444"], ["password_digest", "$2a$10$JZkQ/FtCo8qMmv03dTFNh.HHAlccYWvA1VbDpuTxdqQsYsBTITbCO"], ["updated_at", "2014-11-21 18:43:04.902378"], ["walletNmb", "aaaaaaaaaaaaaaaaaa4aaaaaaaaaaaa"]]
SQLite3::ConstraintException: UNIQUE constraint failed: users.walletNmb: INSERT INTO "users" ("coins", "created_at", "mail", "nickname", "password_digest", "updated_at", "walletNmb") VALUES (?, ?, ?, ?, ?, ?, ?)
  [1m[36m (0.1ms)[0m  [1mrollback transaction[0m
  [1m[35m (0.1ms)[0m  begin transaction
  [1m[36mUser Exists (0.2ms)[0m  [1mSELECT  1 AS one FROM "users"  WHERE LOWER("users"."nickname") = LOWER('4455444') LIMIT 1[0m
  [1m[35mUser Exists (0.1ms)[0m  SELECT  1 AS one FROM "users"  WHERE LOWER("users"."mail") = LOWER('55SDFASDFAtl@example.com') LIMIT 1
Binary data inserted for `string` type on column `password_digest`
  [1m[36mSQL (0.2ms)[0m  [1mINSERT INTO "users" ("coins", "created_at", "mail", "nickname", "password_digest", "updated_at", "walletNmb") VALUES (?, ?, ?, ?, ?, ?, ?)[0m  [["coins", 43], ["created_at", "2014-11-21 18:43:11.453449"], ["mail", "55sdfasdfatl@example.com"], ["nickname", "4455444"], ["password_digest", "$2a$10$WJA6YTCZy3vjscSlrihVKO6Yd4N7o7PZco//rirePHbjWpV2rvjFK"], ["updated_at", "2014-11-21 18:43:11.453449"], ["walletNmb", "aaaaaaaaaaaaaaaaaa4aaaaaaaaaaaa"]]
SQLite3::ConstraintException: UNIQUE constraint failed: users.walletNmb: INSERT INTO "users" ("coins", "created_at", "mail", "nickname", "password_digest", "updated_at", "walletNmb") VALUES (?, ?, ?, ?, ?, ?, ?)
  [1m[35m (0.1ms)[0m  rollback transaction
  [1m[36mUser Load (0.3ms)[0m  [1mSELECT  "users".* FROM "users"  WHERE "users"."email" = 'mhartl@example.com' LIMIT 1[0m
SQLite3::SQLException: no such column: users.email: SELECT  "users".* FROM "users"  WHERE "users"."email" = 'mhartl@example.com' LIMIT 1
  [1m[35mUser Load (0.4ms)[0m  SELECT  "users".* FROM "users"  WHERE "users"."email" = 'mharasdfasdfatl@example.com' LIMIT 1
SQLite3::SQLException: no such column: users.email: SELECT  "users".* FROM "users"  WHERE "users"."email" = 'mharasdfasdfatl@example.com' LIMIT 1
  [1m[36mUser Load (0.3ms)[0m  [1mSELECT  "users".* FROM "users"  WHERE "users"."mail" = 'mharasdfasdfatl@example.com' LIMIT 1[0m
  [1m[35mUser Load (0.2ms)[0m  SELECT  "users".* FROM "users"  WHERE "users"."mail" = 'mdfasdfatl@example.com' LIMIT 1
  [1m[36m (0.1ms)[0m  [1mbegin transaction[0m
  [1m[35mUser Exists (0.2ms)[0m  SELECT  1 AS one FROM "users"  WHERE LOWER("users"."nickname") = LOWER('test') LIMIT 1
  [1m[36mUser Exists (0.1ms)[0m  [1mSELECT  1 AS one FROM "users"  WHERE LOWER("users"."mail") = LOWER('446tl@example.com') LIMIT 1[0m
  [1m[35mUser Exists (0.1ms)[0m  SELECT  1 AS one FROM "users"  WHERE "users"."walletNmb" = 'aaaaaaaaaaaaaaaaaa4676aaaaaaaaaaaa' LIMIT 1
  [1m[36m (0.1ms)[0m  [1mrollback transaction[0m
  [1m[35m (0.1ms)[0m  begin transaction
  [1m[36mUser Exists (0.2ms)[0m  [1mSELECT  1 AS one FROM "users"  WHERE LOWER("users"."nickname") = LOWER('test') LIMIT 1[0m
  [1m[35mUser Exists (0.1ms)[0m  SELECT  1 AS one FROM "users"  WHERE LOWER("users"."mail") = LOWER('446tl@example.com') LIMIT 1
  [1m[36mUser Exists (0.1ms)[0m  [1mSELECT  1 AS one FROM "users"  WHERE "users"."walletNmb" = 'aaaaaaaaaaaaaaaaaa4676aaaaaaaaa' LIMIT 1[0m
  [1m[35m (0.0ms)[0m  rollback transaction
  [1m[36m (0.1ms)[0m  [1mbegin transaction[0m
  [1m[35mUser Exists (0.1ms)[0m  SELECT  1 AS one FROM "users"  WHERE LOWER("users"."nickname") = LOWER('test') LIMIT 1
  [1m[36mUser Exists (0.1ms)[0m  [1mSELECT  1 AS one FROM "users"  WHERE LOWER("users"."mail") = LOWER('446tl@example.com') LIMIT 1[0m
  [1m[35mUser Exists (0.1ms)[0m  SELECT  1 AS one FROM "users"  WHERE "users"."walletNmb" = 'aaaaaaaaaaaaaaaaaa4676aaaaaaaaaaaa' LIMIT 1
Binary data inserted for `string` type on column `password_digest`
  [1m[36mSQL (0.4ms)[0m  [1mINSERT INTO "users" ("coins", "created_at", "mail", "nickname", "password_digest", "updated_at", "walletNmb") VALUES (?, ?, ?, ?, ?, ?, ?)[0m  [["coins", 67], ["created_at", "2014-11-21 18:46:57.472765"], ["mail", "446tl@example.com"], ["nickname", "test"], ["password_digest", "$2a$10$Ad/v4.cvRUch32uGYrvobOhNTkGCdEolHocjoJAGIkesj/S9o/Tnu"], ["updated_at", "2014-11-21 18:46:57.472765"], ["walletNmb", "aaaaaaaaaaaaaaaaaa4676aaaaaaaaaaaa"]]
  [1m[35m (2.0ms)[0m  commit transaction
  [1m[36m (0.1ms)[0m  [1mbegin transaction[0m
  [1m[35mUser Exists (0.2ms)[0m  SELECT  1 AS one FROM "users"  WHERE LOWER("users"."nickname") = LOWER('test') LIMIT 1
  [1m[36mUser Exists (0.1ms)[0m  [1mSELECT  1 AS one FROM "users"  WHERE LOWER("users"."mail") = LOWER('446tl@example.com') LIMIT 1[0m
  [1m[35mUser Exists (0.1ms)[0m  SELECT  1 AS one FROM "users"  WHERE "users"."walletNmb" = 'aaaaaaaaaaaaaaaaaa4676aaaaaaaaaaaa' LIMIT 1
  [1m[36m (0.1ms)[0m  [1mrollback transaction[0m
  [1m[35m (0.1ms)[0m  begin transaction
  [1m[36mUser Exists (0.2ms)[0m  [1mSELECT  1 AS one FROM "users"  WHERE LOWER("users"."nickname") = LOWER('test') LIMIT 1[0m
  [1m[35mUser Exists (0.1ms)[0m  SELECT  1 AS one FROM "users"  WHERE LOWER("users"."mail") = LOWER('446tl@example.com') LIMIT 1
  [1m[36mUser Exists (0.1ms)[0m  [1mSELECT  1 AS one FROM "users"  WHERE "users"."walletNmb" = 'aaaaaaaaaaaaaaaaaa4676aaaaaaaaaaaa' LIMIT 1[0m
Binary data inserted for `string` type on column `password_digest`
  [1m[35mSQL (0.4ms)[0m  INSERT INTO "users" ("coins", "created_at", "mail", "nickname", "password_digest", "updated_at", "walletNmb") VALUES (?, ?, ?, ?, ?, ?, ?)  [["coins", 67], ["created_at", "2014-11-21 18:50:01.294224"], ["mail", "446tl@example.com"], ["nickname", "test"], ["password_digest", "$2a$10$BFWfafKjVmMzusHMctxYb.skwBUZzSiFA0s/Pv4ObW8lxaihSlgCG"], ["updated_at", "2014-11-21 18:50:01.294224"], ["walletNmb", "aaaaaaaaaaaaaaaaaa4676aaaaaaaaaaaa"]]
  [1m[36m (1.9ms)[0m  [1mcommit transaction[0m
